VCONFIG,8,1,5
VSLT,8,1,16
VADD,8,1,16
VMERGE,8,1,16
VCONFIG,8,2,5
VSLT,8,2,25
VADD,8,2,25
VMERGE,8,2,25
VCONFIG,8,4,5
VSLT,8,4,43
VADD,8,4,43
VMERGE,8,4,43
VCONFIG,8,8,5
VSLT,8,8,79
VADD,8,8,79
VMERGE,8,8,79
VCONFIG,16,1,5
VSLT,16,1,16
VADD,16,1,16
VMERGE,16,1,16
VCONFIG,16,2,5
VSLT,16,2,25
VADD,16,2,25
VMERGE,16,2,25
VCONFIG,16,4,5
VSLT,16,4,43
VADD,16,4,43
VMERGE,16,4,43
VCONFIG,16,8,5
VSLT,16,8,79
VADD,16,8,79
VMERGE,16,8,79
VCONFIG,32,1,5
VSLT,32,1,16
VADD,32,1,16
VMERGE,32,1,16
VCONFIG,32,2,5
VSLT,32,2,25
VADD,32,2,25
VMERGE,32,2,25
VCONFIG,32,4,5
VSLT,32,4,43
VADD,32,4,43
VMERGE,32,4,43
VCONFIG,32,8,5
VSLT,32,8,79
VADD,32,8,79
VMERGE,32,8,79
