VMSBF,32,4,FFFFFFFFFFFFFFFFFFFFFFFFFFFF001F,FFFFFFFFFFFFFFFFFFFFFFFFFFFF001F,PASSED
VMSOF,32,4,FFFFFFFFFFFFFFFFFFFFFFFFFFFF0000,FFFFFFFFFFFFFFFFFFFFFFFFFFFF0000,PASSED
VMSIF,32,4,FFFFFFFFFFFFFFFFFFFFFFFFFFFFFFFF,FFFFFFFFFFFFFFFFFFFFFFFFFFFFFFFF,PASSED
VMANDN,32,4,FFFFFFFFFFFFFFFFFFFFFFFFFFFF0000,FFFFFFFFFFFFFFFFFFFFFFFFFFFF0000,PASSED
VMAND,32,4,FFFFFFFFFFFFFFFFFFFFFFFFFFFF0000,FFFFFFFFFFFFFFFFFFFFFFFFFFFF0000,PASSED
VMOR,32,4,FFFFFFFFFFFFFFFFFFFFFFFFFFFF7CE9,FFFFFFFFFFFFFFFFFFFFFFFFFFFF7CE9,PASSED
VMXOR,32,4,FFFFFFFFFFFFFFFFFFFFFFFFFFFF0000,FFFFFFFFFFFFFFFFFFFFFFFFFFFF0000,PASSED
VMORN,32,4,FFFFFFFFFFFFFFFFFFFFFFFFFFFFFFFF,FFFFFFFFFFFFFFFFFFFFFFFFFFFFFFFF,PASSED
VMNAND,32,4,FFFFFFFFFFFFFFFFFFFFFFFFFFFFFFFF,FFFFFFFFFFFFFFFFFFFFFFFFFFFFFFFF,PASSED
VMNOR,32,4,FFFFFFFFFFFFFFFFFFFFFFFFFFFF0000,FFFFFFFFFFFFFFFFFFFFFFFFFFFF0000,PASSED
VMXNOR,32,4,FFFFFFFFFFFFFFFFFFFFFFFFFFFFA914,FFFFFFFFFFFFFFFFFFFFFFFFFFFFA914,PASSED
VMSBF,8,4,FFFFFFFFFFFFFFFF00000000000007FF,FFFFFFFFFFFFFFFF00000000000007FF,PASSED
VMSOF,8,4,FFFFFFFFFFFFFFFF0000000000000800,FFFFFFFFFFFFFFFF0000000000000800,PASSED
VMSIF,8,4,FFFFFFFFFFFFFFFF0000000000000FFF,FFFFFFFFFFFFFFFF0000000000000FFF,PASSED
VMANDN,8,4,FFFFFFFFFFFFFFFFE010182108020367,FFFFFFFFFFFFFFFFE010182108020367,PASSED
VMAND,8,4,FFFFFFFFFFFFFFFFE010182108020367,FFFFFFFFFFFFFFFFE010182108020367,PASSED
VMOR,8,4,FFFFFFFFFFFFFFFFEA531A25BA0773E7,FFFFFFFFFFFFFFFFEA531A25BA0773E7,PASSED
VMXOR,8,4,FFFFFFFFFFFFFFFF15ACE5DA45F873E7,FFFFFFFFFFFFFFFF15ACE5DA45F873E7,PASSED
VMORN,8,4,FFFFFFFFFFFFFFFF9FFFFFDFF7FFFCF9,FFFFFFFFFFFFFFFF9FFFFFDFF7FFFCF9,PASSED
VMNAND,8,4,FFFFFFFFFFFFFFFF7FEFE7FEFFFDFF9E,FFFFFFFFFFFFFFFF7FEFE7FEFFFDFF9E,PASSED
VMNOR,8,4,FFFFFFFFFFFFFFFF1A67A61EF200F418,FFFFFFFFFFFFFFFF1A67A61EF200F418,PASSED
VMXNOR,8,4,FFFFFFFFFFFFFFFFDBBFEE3C064B716D,FFFFFFFFFFFFFFFFDBBFEE3C064B716D,PASSED
VMSBF,8,1,FFFFFFFFFFFFFFFFFFFFFFFFFFFF0007,FFFFFFFFFFFFFFFFFFFFFFFFFFFF0007,PASSED
VMSOF,8,1,FFFFFFFFFFFFFFFFFFFFFFFFFFFF0002,FFFFFFFFFFFFFFFFFFFFFFFFFFFF0002,PASSED
VMSIF,8,1,FFFFFFFFFFFFFFFFFFFFFFFFFFFF0001,FFFFFFFFFFFFFFFFFFFFFFFFFFFF0001,PASSED
VMANDN,8,1,FFFFFFFFFFFFFFFFFFFFFFFFFFFF30C4,FFFFFFFFFFFFFFFFFFFFFFFFFFFF30C4,PASSED
VMAND,8,1,FFFFFFFFFFFFFFFFFFFFFFFFFFFF484C,FFFFFFFFFFFFFFFFFFFFFFFFFFFF484C,PASSED
VMOR,8,1,FFFFFFFFFFFFFFFFFFFFFFFFFFFFFBEF,FFFFFFFFFFFFFFFFFFFFFFFFFFFFFBEF,PASSED
VMXOR,8,1,FFFFFFFFFFFFFFFFFFFFFFFFFFFFE52E,FFFFFFFFFFFFFFFFFFFFFFFFFFFFE52E,PASSED
VMORN,8,1,FFFFFFFFFFFFFFFFFFFFFFFFFFFF7FDE,FFFFFFFFFFFFFFFFFFFFFFFFFFFF7FDE,PASSED
VMNAND,8,1,FFFFFFFFFFFFFFFFFFFFFFFFFFFFFFBB,FFFFFFFFFFFFFFFFFFFFFFFFFFFFFFBB,PASSED
VMNOR,8,1,FFFFFFFFFFFFFFFFFFFFFFFFFFFF125C,FFFFFFFFFFFFFFFFFFFFFFFFFFFF125C,PASSED
VMXNOR,8,1,FFFFFFFFFFFFFFFFFFFFFFFFFFFF8577,FFFFFFFFFFFFFFFFFFFFFFFFFFFF8577,PASSED
VMSBF,16,1,FFFFFFFFFFFFFFFFFFFFFFFFFFFFFF01,FFFFFFFFFFFFFFFFFFFFFFFFFFFFFF01,PASSED
VMSOF,16,1,FFFFFFFFFFFFFFFFFFFFFFFFFFFFFF04,FFFFFFFFFFFFFFFFFFFFFFFFFFFFFF04,PASSED
VMSIF,16,1,FFFFFFFFFFFFFFFFFFFFFFFFFFFFFF01,FFFFFFFFFFFFFFFFFFFFFFFFFFFFFF01,PASSED
VMANDN,16,1,FFFFFFFFFFFFFFFFFFFFFFFFFFFFFF3B,FFFFFFFFFFFFFFFFFFFFFFFFFFFFFF3B,PASSED
VMAND,16,1,FFFFFFFFFFFFFFFFFFFFFFFFFFFFFF19,FFFFFFFFFFFFFFFFFFFFFFFFFFFFFF19,PASSED
VMOR,16,1,FFFFFFFFFFFFFFFFFFFFFFFFFFFFFFCC,FFFFFFFFFFFFFFFFFFFFFFFFFFFFFFCC,PASSED
VMXOR,16,1,FFFFFFFFFFFFFFFFFFFFFFFFFFFFFFA3,FFFFFFFFFFFFFFFFFFFFFFFFFFFFFFA3,PASSED
VMORN,16,1,FFFFFFFFFFFFFFFFFFFFFFFFFFFFFF3D,FFFFFFFFFFFFFFFFFFFFFFFFFFFFFF3D,PASSED
VMNAND,16,1,FFFFFFFFFFFFFFFFFFFFFFFFFFFFFFED,FFFFFFFFFFFFFFFFFFFFFFFFFFFFFFED,PASSED
VMNOR,16,1,FFFFFFFFFFFFFFFFFFFFFFFFFFFFFF06,FFFFFFFFFFFFFFFFFFFFFFFFFFFFFF06,PASSED
VMXNOR,16,1,FFFFFFFFFFFFFFFFFFFFFFFFFFFFFFDB,FFFFFFFFFFFFFFFFFFFFFFFFFFFFFFDB,PASSED
VMSBF,16,8,FFFFFFFFFFFFFFFF0000000000000000,FFFFFFFFFFFFFFFF0000000000000000,PASSED
VMSOF,16,8,FFFFFFFFFFFFFFFF0000000000000001,FFFFFFFFFFFFFFFF0000000000000001,PASSED
VMSIF,16,8,FFFFFFFFFFFFFFFF0000000000000001,FFFFFFFFFFFFFFFF0000000000000001,PASSED
VMANDN,16,8,FFFFFFFFFFFFFFFF0000000000000000,FFFFFFFFFFFFFFFF0000000000000000,PASSED
VMAND,16,8,FFFFFFFFFFFFFFFF0000000000000000,FFFFFFFFFFFFFFFF0000000000000000,PASSED
VMOR,16,8,FFFFFFFFFFFFFFFF0000000000000000,FFFFFFFFFFFFFFFF0000000000000000,PASSED
VMXOR,16,8,FFFFFFFFFFFFFFFF0000000000000000,FFFFFFFFFFFFFFFF0000000000000000,PASSED
VMORN,16,8,FFFFFFFFFFFFFFFFFFFFFFFFFFFFFFFF,FFFFFFFFFFFFFFFFFFFFFFFFFFFFFFFF,PASSED
VMNAND,16,8,FFFFFFFFFFFFFFFFFFFFFFFFFFFFFFFF,FFFFFFFFFFFFFFFFFFFFFFFFFFFFFFFF,PASSED
VMNOR,16,8,FFFFFFFFFFFFFFFF3A67BE3EF202F65F,FFFFFFFFFFFFFFFF3A67BE3EF202F65F,PASSED
VMXNOR,16,8,FFFFFFFFFFFFFFFF3A67BE3EF202F69B,FFFFFFFFFFFFFFFF3A67BE3EF202F69B,PASSED
VMSBF,8,1,FFFFFFFFFFFFFFFFFFFFFFFFFFFF0003,FFFFFFFFFFFFFFFFFFFFFFFFFFFF0003,PASSED
VMSOF,8,1,FFFFFFFFFFFFFFFFFFFFFFFFFFFF0001,FFFFFFFFFFFFFFFFFFFFFFFFFFFF0001,PASSED
VMSIF,8,1,FFFFFFFFFFFFFFFFFFFFFFFFFFFF0007,FFFFFFFFFFFFFFFFFFFFFFFFFFFF0007,PASSED
VMANDN,8,1,FFFFFFFFFFFFFFFFFFFFFFFFFFFF0944,FFFFFFFFFFFFFFFFFFFFFFFFFFFF0944,PASSED
VMAND,8,1,FFFFFFFFFFFFFFFFFFFFFFFFFFFFE122,FFFFFFFFFFFFFFFFFFFFFFFFFFFFE122,PASSED
VMOR,8,1,FFFFFFFFFFFFFFFFFFFFFFFFFFFFFFFE,FFFFFFFFFFFFFFFFFFFFFFFFFFFFFFFE,PASSED
VMXOR,8,1,FFFFFFFFFFFFFFFFFFFFFFFFFFFFF645,FFFFFFFFFFFFFFFFFFFFFFFFFFFFF645,PASSED
VMORN,8,1,FFFFFFFFFFFFFFFFFFFFFFFFFFFFF6FF,FFFFFFFFFFFFFFFFFFFFFFFFFFFFF6FF,PASSED
VMNAND,8,1,FFFFFFFFFFFFFFFFFFFFFFFFFFFF0024,FFFFFFFFFFFFFFFFFFFFFFFFFFFF0024,PASSED
VMNOR,8,1,FFFFFFFFFFFFFFFFFFFFFFFFFFFF0046,FFFFFFFFFFFFFFFFFFFFFFFFFFFF0046,PASSED
VMXNOR,8,1,FFFFFFFFFFFFFFFFFFFFFFFFFFFFF80C,FFFFFFFFFFFFFFFFFFFFFFFFFFFFF80C,PASSED
VMSBF,8,1,FFFFFFFFFFFFFFFFFFFFFFFFFFFF0000,FFFFFFFFFFFFFFFFFFFFFFFFFFFF0000,PASSED
VMSOF,8,1,FFFFFFFFFFFFFFFFFFFFFFFFFFFF0000,FFFFFFFFFFFFFFFFFFFFFFFFFFFF0000,PASSED
VMSIF,8,1,FFFFFFFFFFFFFFFFFFFFFFFFFFFF0001,FFFFFFFFFFFFFFFFFFFFFFFFFFFF0001,PASSED
VMANDN,8,1,FFFFFFFFFFFFFFFFFFFFFFFFFFFFF65F,FFFFFFFFFFFFFFFFFFFFFFFFFFFFF65F,PASSED
VMAND,8,1,FFFFFFFFFFFFFFFFFFFFFFFFFFFF0046,FFFFFFFFFFFFFFFFFFFFFFFFFFFF0046,PASSED
VMOR,8,1,FFFFFFFFFFFFFFFFFFFFFFFFFFFF125C,FFFFFFFFFFFFFFFFFFFFFFFFFFFF125C,PASSED
VMXOR,8,1,FFFFFFFFFFFFFFFFFFFFFFFFFFFF095B,FFFFFFFFFFFFFFFFFFFFFFFFFFFF095B,PASSED
VMORN,8,1,FFFFFFFFFFFFFFFFFFFFFFFFFFFFF7DF,FFFFFFFFFFFFFFFFFFFFFFFFFFFFF7DF,PASSED
VMNAND,8,1,FFFFFFFFFFFFFFFFFFFFFFFFFFFFFFFF,FFFFFFFFFFFFFFFFFFFFFFFFFFFFFFFF,PASSED
VMNOR,8,1,FFFFFFFFFFFFFFFFFFFFFFFFFFFF9017,FFFFFFFFFFFFFFFFFFFFFFFFFFFF9017,PASSED
VMXNOR,8,1,FFFFFFFFFFFFFFFFFFFFFFFFFFFF782D,FFFFFFFFFFFFFFFFFFFFFFFFFFFF782D,PASSED
VMSBF,8,4,FFFFFFFFFFFFFFFF0000000000000000,FFFFFFFFFFFFFFFF0000000000000000,PASSED
VMSOF,8,4,FFFFFFFFFFFFFFFF0000000000000000,FFFFFFFFFFFFFFFF0000000000000000,PASSED
VMSIF,8,4,FFFFFFFFFFFFFFFFFFFFFFFFFFFFFFFF,FFFFFFFFFFFFFFFFFFFFFFFFFFFFFFFF,PASSED
VMANDN,8,4,FFFFFFFFFFFFFFFFC59841C10DFD0964,FFFFFFFFFFFFFFFFC59841C10DFD0964,PASSED
VMAND,8,4,FFFFFFFFFFFFFFFFFFFFFFFFFFFF7FCC,FFFFFFFFFFFFFFFFFFFFFFFFFFFF7FCC,PASSED
VMOR,8,4,FFFFFFFFFFFFFFFFFFFFFFFFFFFFFFFF,FFFFFFFFFFFFFFFFFFFFFFFFFFFFFFFF,PASSED
VMXOR,8,4,FFFFFFFFFFFFFFFF0000000000008033,FFFFFFFFFFFFFFFF0000000000008033,PASSED
VMORN,8,4,FFFFFFFFFFFFFFFFFFFFFFFFFFFF7FDE,FFFFFFFFFFFFFFFFFFFFFFFFFFFF7FDE,PASSED
VMNAND,8,4,FFFFFFFFFFFFFFFF0000000000008021,FFFFFFFFFFFFFFFF0000000000008021,PASSED
VMNOR,8,4,FFFFFFFFFFFFFFFF0000000000008001,FFFFFFFFFFFFFFFF0000000000008001,PASSED
VMXNOR,8,4,FFFFFFFFFFFFFFFF00000000000087D2,FFFFFFFFFFFFFFFF00000000000087D2,PASSED
VMSBF,16,4,FFFFFFFFFFFFFFFFFFFFFFFF00000007,FFFFFFFFFFFFFFFFFFFFFFFF00000007,PASSED
VMSOF,16,4,FFFFFFFFFFFFFFFFFFFFFFFF00000008,FFFFFFFFFFFFFFFFFFFFFFFF00000008,PASSED
VMSIF,16,4,FFFFFFFFFFFFFFFFFFFFFFFF0000007F,FFFFFFFFFFFFFFFFFFFFFFFF0000007F,PASSED
VMANDN,16,4,FFFFFFFFFFFFFFFFFFFFFFFF00000000,FFFFFFFFFFFFFFFFFFFFFFFF00000000,PASSED
VMAND,16,4,FFFFFFFFFFFFFFFFFFFFFFFF00000007,FFFFFFFFFFFFFFFFFFFFFFFF00000007,PASSED
VMOR,16,4,FFFFFFFFFFFFFFFFFFFFFFFFFFFFFFFF,FFFFFFFFFFFFFFFFFFFFFFFFFFFFFFFF,PASSED
VMXOR,16,4,FFFFFFFFFFFFFFFFFFFFFFFF00000000,FFFFFFFFFFFFFFFFFFFFFFFF00000000,PASSED
VMORN,16,4,FFFFFFFFFFFFFFFFFFFFFFFFF202F6BB,FFFFFFFFFFFFFFFFFFFFFFFFF202F6BB,PASSED
VMNAND,16,4,FFFFFFFFFFFFFFFFFFFFFFFFFFFFFFFF,FFFFFFFFFFFFFFFFFFFFFFFFFFFFFFFF,PASSED
VMNOR,16,4,FFFFFFFFFFFFFFFFFFFFFFFFF202F65F,FFFFFFFFFFFFFFFFFFFFFFFFF202F65F,PASSED
VMXNOR,16,4,FFFFFFFFFFFFFFFFFFFFFFFFFFFF783F,FFFFFFFFFFFFFFFFFFFFFFFFFFFF783F,PASSED
VMSBF,16,4,FFFFFFFFFFFFFFFFFFFFFFFF00000007,FFFFFFFFFFFFFFFFFFFFFFFF00000007,PASSED
VMSOF,16,4,FFFFFFFFFFFFFFFFFFFFFFFF00000004,FFFFFFFFFFFFFFFFFFFFFFFF00000004,PASSED
VMSIF,16,4,FFFFFFFFFFFFFFFFFFFFFFFF00000007,FFFFFFFFFFFFFFFFFFFFFFFF00000007,PASSED
VMANDN,16,4,FFFFFFFFFFFFFFFFFFFFFFFF00000000,FFFFFFFFFFFFFFFFFFFFFFFF00000000,PASSED
VMAND,16,4,FFFFFFFFFFFFFFFFFFFFFFFF00000005,FFFFFFFFFFFFFFFFFFFFFFFF00000005,PASSED
VMOR,16,4,FFFFFFFFFFFFFFFFFFFFFFFFFFFFFFFF,FFFFFFFFFFFFFFFFFFFFFFFFFFFFFFFF,PASSED
VMXOR,16,4,FFFFFFFFFFFFFFFFFFFFFFFF00000012,FFFFFFFFFFFFFFFFFFFFFFFF00000012,PASSED
VMORN,16,4,FFFFFFFFFFFFFFFFFFFFFFFF00000004,FFFFFFFFFFFFFFFFFFFFFFFF00000004,PASSED
VMNAND,16,4,FFFFFFFFFFFFFFFFFFFFFFFFFFFFFFED,FFFFFFFFFFFFFFFFFFFFFFFFFFFFFFED,PASSED
VMNOR,16,4,FFFFFFFFFFFFFFFFFFFFFFFF00000012,FFFFFFFFFFFFFFFFFFFFFFFF00000012,PASSED
VMXNOR,16,4,FFFFFFFFFFFFFFFFFFFFFFFF000007F4,FFFFFFFFFFFFFFFFFFFFFFFF000007F4,PASSED
VMSBF,32,1,FFFFFFFFFFFFFFFFFFFFFFFFFFFFFFF1,FFFFFFFFFFFFFFFFFFFFFFFFFFFFFFF1,PASSED
VMSOF,32,1,FFFFFFFFFFFFFFFFFFFFFFFFFFFFFFF0,FFFFFFFFFFFFFFFFFFFFFFFFFFFFFFF0,PASSED
VMSIF,32,1,FFFFFFFFFFFFFFFFFFFFFFFFFFFFFFF3,FFFFFFFFFFFFFFFFFFFFFFFFFFFFFFF3,PASSED
VMANDN,32,1,FFFFFFFFFFFFFFFFFFFFFFFFFFFFFFF2,FFFFFFFFFFFFFFFFFFFFFFFFFFFFFFF2,PASSED
VMAND,32,1,FFFFFFFFFFFFFFFFFFFFFFFFFFFFFFF4,FFFFFFFFFFFFFFFFFFFFFFFFFFFFFFF4,PASSED
VMOR,32,1,FFFFFFFFFFFFFFFFFFFFFFFFFFFFFFF2,FFFFFFFFFFFFFFFFFFFFFFFFFFFFFFF2,PASSED
VMXOR,32,1,FFFFFFFFFFFFFFFFFFFFFFFFFFFFFFF9,FFFFFFFFFFFFFFFFFFFFFFFFFFFFFFF9,PASSED
VMORN,32,1,FFFFFFFFFFFFFFFFFFFFFFFFFFFFFFFF,FFFFFFFFFFFFFFFFFFFFFFFFFFFFFFFF,PASSED
VMNAND,32,1,FFFFFFFFFFFFFFFFFFFFFFFFFFFFFFFF,FFFFFFFFFFFFFFFFFFFFFFFFFFFFFFFF,PASSED
VMNOR,32,1,FFFFFFFFFFFFFFFFFFFFFFFFFFFFFFF1,FFFFFFFFFFFFFFFFFFFFFFFFFFFFFFF1,PASSED
VMXNOR,32,1,FFFFFFFFFFFFFFFFFFFFFFFFFFFFFFFC,FFFFFFFFFFFFFFFFFFFFFFFFFFFFFFFC,PASSED
VMSBF,32,8,FFFFFFFFFFFFFFFFFFFFFFFF00000001,FFFFFFFFFFFFFFFFFFFFFFFF00000001,PASSED
VMSOF,32,8,FFFFFFFFFFFFFFFFFFFFFFFF00000002,FFFFFFFFFFFFFFFFFFFFFFFF00000002,PASSED
VMSIF,32,8,FFFFFFFFFFFFFFFFFFFFFFFF00000003,FFFFFFFFFFFFFFFFFFFFFFFF00000003,PASSED
VMANDN,32,8,FFFFFFFFFFFFFFFFFFFFFFFF00000000,FFFFFFFFFFFFFFFFFFFFFFFF00000000,PASSED
VMAND,32,8,FFFFFFFFFFFFFFFFFFFFFFFF00000000,FFFFFFFFFFFFFFFFFFFFFFFF00000000,PASSED
VMOR,32,8,FFFFFFFFFFFFFFFFFFFFFFFF00000017,FFFFFFFFFFFFFFFFFFFFFFFF00000017,PASSED
VMXOR,32,8,FFFFFFFFFFFFFFFFFFFFFFFF00000015,FFFFFFFFFFFFFFFFFFFFFFFF00000015,PASSED
VMORN,32,8,FFFFFFFFFFFFFFFFFFFFFFFFFFFFFFFA,FFFFFFFFFFFFFFFFFFFFFFFFFFFFFFFA,PASSED
VMNAND,32,8,FFFFFFFFFFFFFFFFFFFFFFFFFFFFFFFF,FFFFFFFFFFFFFFFFFFFFFFFFFFFFFFFF,PASSED
VMNOR,32,8,FFFFFFFFFFFFFFFFFFFFFFFF00000000,FFFFFFFFFFFFFFFFFFFFFFFF00000000,PASSED
VMXNOR,32,8,FFFFFFFFFFFFFFFFFFFFFFFF000007E1,FFFFFFFFFFFFFFFFFFFFFFFF000007E1,PASSED
VMSBF,32,8,FFFFFFFFFFFFFFFFFFFFFFFF00000001,FFFFFFFFFFFFFFFFFFFFFFFF00000001,PASSED
VMSOF,32,8,FFFFFFFFFFFFFFFFFFFFFFFF00000000,FFFFFFFFFFFFFFFFFFFFFFFF00000000,PASSED
VMSIF,32,8,FFFFFFFFFFFFFFFFFFFFFFFFFFFFFFFF,FFFFFFFFFFFFFFFFFFFFFFFFFFFFFFFF,PASSED
VMANDN,32,8,FFFFFFFFFFFFFFFFFFFFFFFF00000000,FFFFFFFFFFFFFFFFFFFFFFFF00000000,PASSED
VMAND,32,8,FFFFFFFFFFFFFFFFFFFFFFFF00000000,FFFFFFFFFFFFFFFFFFFFFFFF00000000,PASSED
VMOR,32,8,FFFFFFFFFFFFFFFFFFFFFFFF00000000,FFFFFFFFFFFFFFFFFFFFFFFF00000000,PASSED
VMXOR,32,8,FFFFFFFFFFFFFFFFFFFFFFFF000007E1,FFFFFFFFFFFFFFFFFFFFFFFF000007E1,PASSED
VMORN,32,8,FFFFFFFFFFFFFFFFFFFFFFFFFFFFF81E,FFFFFFFFFFFFFFFFFFFFFFFFFFFFF81E,PASSED
VMNAND,32,8,FFFFFFFFFFFFFFFFFFFFFFFFFFFFF81E,FFFFFFFFFFFFFFFFFFFFFFFFFFFFF81E,PASSED
VMNOR,32,8,FFFFFFFFFFFFFFFFFFFFFFFF00000641,FFFFFFFFFFFFFFFFFFFFFFFF00000641,PASSED
VMXNOR,32,8,FFFFFFFFFFFFFFFFFFFFFFFF00000012,FFFFFFFFFFFFFFFFFFFFFFFF00000012,PASSED
VMSBF,32,4,FFFFFFFFFFFFFFFFFFFFFFFFFFFF0000,FFFFFFFFFFFFFFFFFFFFFFFFFFFF0000,PASSED
VMSOF,32,4,FFFFFFFFFFFFFFFFFFFFFFFFFFFF0000,FFFFFFFFFFFFFFFFFFFFFFFFFFFF0000,PASSED
VMSIF,32,4,FFFFFFFFFFFFFFFFFFFFFFFFFFFFFFFF,FFFFFFFFFFFFFFFFFFFFFFFFFFFFFFFF,PASSED
VMANDN,32,4,FFFFFFFFFFFFFFFFFFFFFFFFFFFF0000,FFFFFFFFFFFFFFFFFFFFFFFFFFFF0000,PASSED
VMAND,32,4,FFFFFFFFFFFFFFFFFFFFFFFFFFFF07E1,FFFFFFFFFFFFFFFFFFFFFFFFFFFF07E1,PASSED
VMOR,32,4,FFFFFFFFFFFFFFFFFFFFFFFFFFFFFFFF,FFFFFFFFFFFFFFFFFFFFFFFFFFFFFFFF,PASSED
VMXOR,32,4,FFFFFFFFFFFFFFFFFFFFFFFFFFFFFFED,FFFFFFFFFFFFFFFFFFFFFFFFFFFFFFED,PASSED
VMORN,32,4,FFFFFFFFFFFFFFFFFFFFFFFFFFFFFFFF,FFFFFFFFFFFFFFFFFFFFFFFFFFFFFFFF,PASSED
VMNAND,32,4,FFFFFFFFFFFFFFFFFFFFFFFFFFFF07F3,FFFFFFFFFFFFFFFFFFFFFFFFFFFF07F3,PASSED
VMNOR,32,4,FFFFFFFFFFFFFFFFFFFFFFFFFFFF0000,FFFFFFFFFFFFFFFFFFFFFFFFFFFF0000,PASSED
VMXNOR,32,4,FFFFFFFFFFFFFFFFFFFFFFFFFFFF0000,FFFFFFFFFFFFFFFFFFFFFFFFFFFF0000,PASSED
VMSBF,16,1,FFFFFFFFFFFFFFFFFFFFFFFFFFFFFF00,FFFFFFFFFFFFFFFFFFFFFFFFFFFFFF00,PASSED
VMSOF,16,1,FFFFFFFFFFFFFFFFFFFFFFFFFFFFFF01,FFFFFFFFFFFFFFFFFFFFFFFFFFFFFF01,PASSED
VMSIF,16,1,FFFFFFFFFFFFFFFFFFFFFFFFFFFFFF03,FFFFFFFFFFFFFFFFFFFFFFFFFFFFFF03,PASSED
VMANDN,16,1,FFFFFFFFFFFFFFFFFFFFFFFFFFFFFF00,FFFFFFFFFFFFFFFFFFFFFFFFFFFFFF00,PASSED
VMAND,16,1,FFFFFFFFFFFFFFFFFFFFFFFFFFFFFF01,FFFFFFFFFFFFFFFFFFFFFFFFFFFFFF01,PASSED
VMOR,16,1,FFFFFFFFFFFFFFFFFFFFFFFFFFFFFFFF,FFFFFFFFFFFFFFFFFFFFFFFFFFFFFFFF,PASSED
VMXOR,16,1,FFFFFFFFFFFFFFFFFFFFFFFFFFFFFFFE,FFFFFFFFFFFFFFFFFFFFFFFFFFFFFFFE,PASSED
VMORN,16,1,FFFFFFFFFFFFFFFFFFFFFFFFFFFFFF0D,FFFFFFFFFFFFFFFFFFFFFFFFFFFFFF0D,PASSED
VMNAND,16,1,FFFFFFFFFFFFFFFFFFFFFFFFFFFFFFDD,FFFFFFFFFFFFFFFFFFFFFFFFFFFFFFDD,PASSED
VMNOR,16,1,FFFFFFFFFFFFFFFFFFFFFFFFFFFFFF51,FFFFFFFFFFFFFFFFFFFFFFFFFFFFFF51,PASSED
VMXNOR,16,1,FFFFFFFFFFFFFFFFFFFFFFFFFFFFFFD1,FFFFFFFFFFFFFFFFFFFFFFFFFFFFFFD1,PASSED
VMSBF,8,8,00000000000000000000000000000000,00000000000000000000000000000000,PASSED
VMSOF,8,8,00000000000000000000000000000000,00000000000000000000000000000000,PASSED
VMSIF,8,8,FFFFFFFFFFFFFFFFFFFFFFFFFFFFFFFF,FFFFFFFFFFFFFFFFFFFFFFFFFFFFFFFF,PASSED
VMANDN,8,8,000000000000000000000000000007E1,000000000000000000000000000007E1,PASSED
VMAND,8,8,FFFFFFFFFFFFFFFFFFFFFFFFFFFFFFFF,FFFFFFFFFFFFFFFFFFFFFFFFFFFFFFFF,PASSED
VMOR,8,8,FFFFFFFFFFFFFFFFFFFFFFFFFFFFFFFF,FFFFFFFFFFFFFFFFFFFFFFFFFFFFFFFF,PASSED
VMXOR,8,8,00000000000000000000000000000000,00000000000000000000000000000000,PASSED
VMORN,8,8,FFFFFFFFFFFFFFFFFFFFFFFFFFFFFFFF,FFFFFFFFFFFFFFFFFFFFFFFFFFFFFFFF,PASSED
VMNAND,8,8,FFFFFFFFFFFFFFFFFFFFFFFFFFFFFFFF,FFFFFFFFFFFFFFFFFFFFFFFFFFFFFFFF,PASSED
VMNOR,8,8,A34ED0A0699FCE4B3A67BE3EF202F65F,A34ED0A0699FCE4B3A67BE3EF202F65F,PASSED
VMXNOR,8,8,000000000000000000000000000007F3,000000000000000000000000000007F3,PASSED
VMSBF,8,4,FFFFFFFFFFFFFFFF0000000000000000,FFFFFFFFFFFFFFFF0000000000000000,PASSED
VMSOF,8,4,FFFFFFFFFFFFFFFF0000000000000001,FFFFFFFFFFFFFFFF0000000000000001,PASSED
VMSIF,8,4,FFFFFFFFFFFFFFFF0000000000000001,FFFFFFFFFFFFFFFF0000000000000001,PASSED
VMANDN,8,4,FFFFFFFFFFFFFFFF3A67BE3EF202F65F,FFFFFFFFFFFFFFFF3A67BE3EF202F65F,PASSED
VMAND,8,4,FFFFFFFFFFFFFFFF0000000000000001,FFFFFFFFFFFFFFFF0000000000000001,PASSED
VMOR,8,4,FFFFFFFFFFFFFFFFFFFFFFFFFFFF0000,FFFFFFFFFFFFFFFFFFFFFFFFFFFF0000,PASSED
VMXOR,8,4,FFFFFFFFFFFFFFFFFFFFFFFFFFFF0000,FFFFFFFFFFFFFFFFFFFFFFFFFFFF0000,PASSED
VMORN,8,4,FFFFFFFFFFFFFFFF000000000000FFFF,FFFFFFFFFFFFFFFF000000000000FFFF,PASSED
VMNAND,8,4,FFFFFFFFFFFFFFFFC59841C10DFD09A0,FFFFFFFFFFFFFFFFC59841C10DFD09A0,PASSED
VMNOR,8,4,FFFFFFFFFFFFFFFF3A67BE3EF202F00C,FFFFFFFFFFFFFFFF3A67BE3EF202F00C,PASSED
VMXNOR,8,4,FFFFFFFFFFFFFFFF00000000000007F3,FFFFFFFFFFFFFFFF00000000000007F3,PASSED
VMSBF,32,2,FFFFFFFFFFFFFFFFFFFFFFFFFFFFFF01,FFFFFFFFFFFFFFFFFFFFFFFFFFFFFF01,PASSED
VMSOF,32,2,FFFFFFFFFFFFFFFFFFFFFFFFFFFFFF00,FFFFFFFFFFFFFFFFFFFFFFFFFFFFFF00,PASSED
VMSIF,32,2,FFFFFFFFFFFFFFFFFFFFFFFFFFFFFF01,FFFFFFFFFFFFFFFFFFFFFFFFFFFFFF01,PASSED
VMANDN,32,2,FFFFFFFFFFFFFFFFFFFFFFFFFFFFFF0C,FFFFFFFFFFFFFFFFFFFFFFFFFFFFFF0C,PASSED
VMAND,32,2,FFFFFFFFFFFFFFFFFFFFFFFFFFFFFF00,FFFFFFFFFFFFFFFFFFFFFFFFFFFFFF00,PASSED
VMOR,32,2,FFFFFFFFFFFFFFFFFFFFFFFFFFFFFFF1,FFFFFFFFFFFFFFFFFFFFFFFFFFFFFFF1,PASSED
VMXOR,32,2,FFFFFFFFFFFFFFFFFFFFFFFFFFFFFF0C,FFFFFFFFFFFFFFFFFFFFFFFFFFFFFF0C,PASSED
VMORN,32,2,FFFFFFFFFFFFFFFFFFFFFFFFFFFFFFFE,FFFFFFFFFFFFFFFFFFFFFFFFFFFFFFFE,PASSED
VMNAND,32,2,FFFFFFFFFFFFFFFFFFFFFFFFFFFFFF5F,FFFFFFFFFFFFFFFFFFFFFFFFFFFFFF5F,PASSED
VMNOR,32,2,FFFFFFFFFFFFFFFFFFFFFFFFFFFFFF0E,FFFFFFFFFFFFFFFFFFFFFFFFFFFFFF0E,PASSED
VMXNOR,32,2,FFFFFFFFFFFFFFFFFFFFFFFFFFFFFFF2,FFFFFFFFFFFFFFFFFFFFFFFFFFFFFFF2,PASSED
VMSBF,8,2,FFFFFFFFFFFFFFFFFFFFFFFF000001FF,FFFFFFFFFFFFFFFFFFFFFFFF000001FF,PASSED
VMSOF,8,2,FFFFFFFFFFFFFFFFFFFFFFFF00000001,FFFFFFFFFFFFFFFFFFFFFFFF00000001,PASSED
VMSIF,8,2,FFFFFFFFFFFFFFFFFFFFFFFF0003FFFF,FFFFFFFFFFFFFFFFFFFFFFFF0003FFFF,PASSED
VMANDN,8,2,FFFFFFFFFFFFFFFFFFFFFFFF00000000,FFFFFFFFFFFFFFFFFFFFFFFF00000000,PASSED
VMAND,8,2,FFFFFFFFFFFFFFFFFFFFFFFF00000000,FFFFFFFFFFFFFFFFFFFFFFFF00000000,PASSED
VMOR,8,2,FFFFFFFFFFFFFFFFFFFFFFFFFFFFFFFE,FFFFFFFFFFFFFFFFFFFFFFFFFFFFFFFE,PASSED
VMXOR,8,2,FFFFFFFFFFFFFFFFFFFFFFFF0000000F,FFFFFFFFFFFFFFFFFFFFFFFF0000000F,PASSED
VMORN,8,2,FFFFFFFFFFFFFFFFFFFFFFFF000001FF,FFFFFFFFFFFFFFFFFFFFFFFF000001FF,PASSED
VMNAND,8,2,FFFFFFFFFFFFFFFFFFFFFFFFFFFFFE0C,FFFFFFFFFFFFFFFFFFFFFFFFFFFFFE0C,PASSED
VMNOR,8,2,FFFFFFFFFFFFFFFFFFFFFFFF00000000,FFFFFFFFFFFFFFFFFFFFFFFF00000000,PASSED
VMXNOR,8,2,FFFFFFFFFFFFFFFFFFFFFFFFFFFFF80D,FFFFFFFFFFFFFFFFFFFFFFFFFFFFF80D,PASSED
VMSBF,16,8,FFFFFFFFFFFFFFFF00000000000001FF,FFFFFFFFFFFFFFFF00000000000001FF,PASSED
VMSOF,16,8,FFFFFFFFFFFFFFFF0000000000000100,FFFFFFFFFFFFFFFF0000000000000100,PASSED
VMSIF,16,8,FFFFFFFFFFFFFFFF00000000000001FF,FFFFFFFFFFFFFFFF00000000000001FF,PASSED
VMANDN,16,8,FFFFFFFFFFFFFFFF00000000000000FF,FFFFFFFFFFFFFFFF00000000000000FF,PASSED
VMAND,16,8,FFFFFFFFFFFFFFFF00000000000000FF,FFFFFFFFFFFFFFFF00000000000000FF,PASSED
VMOR,16,8,FFFFFFFFFFFFFFFFFFFFFFFFFFFFFFFF,FFFFFFFFFFFFFFFFFFFFFFFFFFFFFFFF,PASSED
VMXOR,16,8,FFFFFFFFFFFFFFFFFFFFFFFFFFFFFFFF,FFFFFFFFFFFFFFFFFFFFFFFFFFFFFFFF,PASSED
VMORN,16,8,FFFFFFFFFFFFFFFFFFFFFFFFFFFFFF00,FFFFFFFFFFFFFFFFFFFFFFFFFFFFFF00,PASSED
VMNAND,16,8,FFFFFFFFFFFFFFFFFFFFFFFFFFFFFFFF,FFFFFFFFFFFFFFFFFFFFFFFFFFFFFFFF,PASSED
VMNOR,16,8,FFFFFFFFFFFFFFFF0000000000000001,FFFFFFFFFFFFFFFF0000000000000001,PASSED
VMXNOR,16,8,FFFFFFFFFFFFFFFF00000000000007F2,FFFFFFFFFFFFFFFF00000000000007F2,PASSED
VMSBF,8,4,FFFFFFFFFFFFFFFFFFFFFFFFFFFFFFFF,FFFFFFFFFFFFFFFFFFFFFFFFFFFFFFFF,PASSED
VMSOF,8,4,FFFFFFFFFFFFFFFF0000000000000001,FFFFFFFFFFFFFFFF0000000000000001,PASSED
VMSIF,8,4,FFFFFFFFFFFFFFFF0000000000000001,FFFFFFFFFFFFFFFF0000000000000001,PASSED
VMANDN,8,4,FFFFFFFFFFFFFFFF0000000000000001,FFFFFFFFFFFFFFFF0000000000000001,PASSED
VMAND,8,4,FFFFFFFFFFFFFFFF00000000000007F2,FFFFFFFFFFFFFFFF00000000000007F2,PASSED
VMOR,8,4,FFFFFFFFFFFFFFFFFFFFFFFFFFFFFFFF,FFFFFFFFFFFFFFFFFFFFFFFFFFFFFFFF,PASSED
VMXOR,8,4,FFFFFFFFFFFFFFFF0000000000000000,FFFFFFFFFFFFFFFF0000000000000000,PASSED
VMORN,8,4,FFFFFFFFFFFFFFFF00000000000007F2,FFFFFFFFFFFFFFFF00000000000007F2,PASSED
VMNAND,8,4,FFFFFFFFFFFFFFFFFFFFFFFFFFFFF8FF,FFFFFFFFFFFFFFFFFFFFFFFFFFFFF8FF,PASSED
VMNOR,8,4,FFFFFFFFFFFFFFFF0000000000000000,FFFFFFFFFFFFFFFF0000000000000000,PASSED
VMXNOR,8,4,FFFFFFFFFFFFFFFFFFFFFFFFFFFFF8F3,FFFFFFFFFFFFFFFFFFFFFFFFFFFFF8F3,PASSED
VMSBF,8,4,FFFFFFFFFFFFFFFF0000000000000001,FFFFFFFFFFFFFFFF0000000000000001,PASSED
VMSOF,8,4,FFFFFFFFFFFFFFFF0000000000000002,FFFFFFFFFFFFFFFF0000000000000002,PASSED
VMSIF,8,4,FFFFFFFFFFFFFFFF0000000000000001,FFFFFFFFFFFFFFFF0000000000000001,PASSED
VMANDN,8,4,FFFFFFFFFFFFFFFF0000000000000001,FFFFFFFFFFFFFFFF0000000000000001,PASSED
VMAND,8,4,FFFFFFFFFFFFFFFF0000000000000000,FFFFFFFFFFFFFFFF0000000000000000,PASSED
VMOR,8,4,FFFFFFFFFFFFFFFF00000000000007F3,FFFFFFFFFFFFFFFF00000000000007F3,PASSED
VMXOR,8,4,FFFFFFFFFFFFFFFF00000000000007F0,FFFFFFFFFFFFFFFF00000000000007F0,PASSED
VMORN,8,4,FFFFFFFFFFFFFFFFFFFFFFFFFFFFFFFF,FFFFFFFFFFFFFFFFFFFFFFFFFFFFFFFF,PASSED
VMNAND,8,4,FFFFFFFFFFFFFFFFFFFFFFFFFFFFFFFD,FFFFFFFFFFFFFFFFFFFFFFFFFFFFFFFD,PASSED
VMNOR,8,4,FFFFFFFFFFFFFFFF0000000000000000,FFFFFFFFFFFFFFFF0000000000000000,PASSED
VMXNOR,8,4,FFFFFFFFFFFFFFFF00000000000007F1,FFFFFFFFFFFFFFFF00000000000007F1,PASSED
VMSBF,16,4,FFFFFFFFFFFFFFFFFFFFFFFF00000000,FFFFFFFFFFFFFFFFFFFFFFFF00000000,PASSED
VMSOF,16,4,FFFFFFFFFFFFFFFFFFFFFFFF00000002,FFFFFFFFFFFFFFFFFFFFFFFF00000002,PASSED
VMSIF,16,4,FFFFFFFFFFFFFFFFFFFFFFFF00000003,FFFFFFFFFFFFFFFFFFFFFFFF00000003,PASSED
VMANDN,16,4,FFFFFFFFFFFFFFFFFFFFFFFF000007F0,FFFFFFFFFFFFFFFFFFFFFFFF000007F0,PASSED
VMAND,16,4,FFFFFFFFFFFFFFFFFFFFFFFF00000003,FFFFFFFFFFFFFFFFFFFFFFFF00000003,PASSED
VMOR,16,4,FFFFFFFFFFFFFFFFFFFFFFFF000007F3,FFFFFFFFFFFFFFFFFFFFFFFF000007F3,PASSED
VMXOR,16,4,FFFFFFFFFFFFFFFFFFFFFFFF000007F0,FFFFFFFFFFFFFFFFFFFFFFFF000007F0,PASSED
VMORN,16,4,FFFFFFFFFFFFFFFFFFFFFFFFFFFFFFFE,FFFFFFFFFFFFFFFFFFFFFFFFFFFFFFFE,PASSED
VMNAND,16,4,FFFFFFFFFFFFFFFFFFFFFFFFFFFFF80D,FFFFFFFFFFFFFFFFFFFFFFFFFFFFF80D,PASSED
VMNOR,16,4,FFFFFFFFFFFFFFFFFFFFFFFF00000001,FFFFFFFFFFFFFFFFFFFFFFFF00000001,PASSED
VMXNOR,16,4,FFFFFFFFFFFFFFFFFFFFFFFF000007F2,FFFFFFFFFFFFFFFFFFFFFFFF000007F2,PASSED
VMSBF,32,1,FFFFFFFFFFFFFFFFFFFFFFFFFFFFFFF1,FFFFFFFFFFFFFFFFFFFFFFFFFFFFFFF1,PASSED
VMSOF,32,1,FFFFFFFFFFFFFFFFFFFFFFFFFFFFFFF2,FFFFFFFFFFFFFFFFFFFFFFFFFFFFFFF2,PASSED
VMSIF,32,1,FFFFFFFFFFFFFFFFFFFFFFFFFFFFFFF3,FFFFFFFFFFFFFFFFFFFFFFFFFFFFFFF3,PASSED
VMANDN,32,1,FFFFFFFFFFFFFFFFFFFFFFFFFFFFFFF8,FFFFFFFFFFFFFFFFFFFFFFFFFFFFFFF8,PASSED
VMAND,32,1,FFFFFFFFFFFFFFFFFFFFFFFFFFFFFFF0,FFFFFFFFFFFFFFFFFFFFFFFFFFFFFFF0,PASSED
VMOR,32,1,FFFFFFFFFFFFFFFFFFFFFFFFFFFFFFFE,FFFFFFFFFFFFFFFFFFFFFFFFFFFFFFFE,PASSED
VMXOR,32,1,FFFFFFFFFFFFFFFFFFFFFFFFFFFFFFFC,FFFFFFFFFFFFFFFFFFFFFFFFFFFFFFFC,PASSED
VMORN,32,1,FFFFFFFFFFFFFFFFFFFFFFFFFFFFFFFF,FFFFFFFFFFFFFFFFFFFFFFFFFFFFFFFF,PASSED
VMNAND,32,1,FFFFFFFFFFFFFFFFFFFFFFFFFFFFFFF7,FFFFFFFFFFFFFFFFFFFFFFFFFFFFFFF7,PASSED
VMNOR,32,1,FFFFFFFFFFFFFFFFFFFFFFFFFFFFFFF1,FFFFFFFFFFFFFFFFFFFFFFFFFFFFFFF1,PASSED
VMXNOR,32,1,FFFFFFFFFFFFFFFFFFFFFFFFFFFFFFF0,FFFFFFFFFFFFFFFFFFFFFFFFFFFFFFF0,PASSED
VMSBF,32,1,FFFFFFFFFFFFFFFFFFFFFFFFFFFFFFFF,FFFFFFFFFFFFFFFFFFFFFFFFFFFFFFFF,PASSED
VMSOF,32,1,FFFFFFFFFFFFFFFFFFFFFFFFFFFFFFF2,FFFFFFFFFFFFFFFFFFFFFFFFFFFFFFF2,PASSED
VMSIF,32,1,FFFFFFFFFFFFFFFFFFFFFFFFFFFFFFF3,FFFFFFFFFFFFFFFFFFFFFFFFFFFFFFF3,PASSED
VMANDN,32,1,FFFFFFFFFFFFFFFFFFFFFFFFFFFFFFF0,FFFFFFFFFFFFFFFFFFFFFFFFFFFFFFF0,PASSED
VMAND,32,1,FFFFFFFFFFFFFFFFFFFFFFFFFFFFFFF0,FFFFFFFFFFFFFFFFFFFFFFFFFFFFFFF0,PASSED
VMOR,32,1,FFFFFFFFFFFFFFFFFFFFFFFFFFFFFFFF,FFFFFFFFFFFFFFFFFFFFFFFFFFFFFFFF,PASSED
VMXOR,32,1,FFFFFFFFFFFFFFFFFFFFFFFFFFFFFFF3,FFFFFFFFFFFFFFFFFFFFFFFFFFFFFFF3,PASSED
VMORN,32,1,FFFFFFFFFFFFFFFFFFFFFFFFFFFFFFFF,FFFFFFFFFFFFFFFFFFFFFFFFFFFFFFFF,PASSED
VMNAND,32,1,FFFFFFFFFFFFFFFFFFFFFFFFFFFFFFF0,FFFFFFFFFFFFFFFFFFFFFFFFFFFFFFF0,PASSED
VMNOR,32,1,FFFFFFFFFFFFFFFFFFFFFFFFFFFFFFFF,FFFFFFFFFFFFFFFFFFFFFFFFFFFFFFFF,PASSED
VMXNOR,32,1,FFFFFFFFFFFFFFFFFFFFFFFFFFFFFFFF,FFFFFFFFFFFFFFFFFFFFFFFFFFFFFFFF,PASSED
VMSBF,8,2,FFFFFFFFFFFFFFFFFFFFFFFF00000000,FFFFFFFFFFFFFFFFFFFFFFFF00000000,PASSED
VMSOF,8,2,FFFFFFFFFFFFFFFFFFFFFFFF00000001,FFFFFFFFFFFFFFFFFFFFFFFF00000001,PASSED
VMSIF,8,2,FFFFFFFFFFFFFFFFFFFFFFFF00000001,FFFFFFFFFFFFFFFFFFFFFFFF00000001,PASSED
VMANDN,8,2,FFFFFFFFFFFFFFFFFFFFFFFF00000000,FFFFFFFFFFFFFFFFFFFFFFFF00000000,PASSED
VMAND,8,2,FFFFFFFFFFFFFFFFFFFFFFFFFFFFFF01,FFFFFFFFFFFFFFFFFFFFFFFFFFFFFF01,PASSED
VMOR,8,2,FFFFFFFFFFFFFFFFFFFFFFFFFFFFFFFF,FFFFFFFFFFFFFFFFFFFFFFFFFFFFFFFF,PASSED
VMXOR,8,2,FFFFFFFFFFFFFFFFFFFFFFFF0000000D,FFFFFFFFFFFFFFFFFFFFFFFF0000000D,PASSED
VMORN,8,2,FFFFFFFFFFFFFFFFFFFFFFFFFFFFFFFF,FFFFFFFFFFFFFFFFFFFFFFFFFFFFFFFF,PASSED
VMNAND,8,2,FFFFFFFFFFFFFFFFFFFFFFFFFFFFFE0E,FFFFFFFFFFFFFFFFFFFFFFFFFFFFFE0E,PASSED
VMNOR,8,2,FFFFFFFFFFFFFFFFFFFFFFFF00000000,FFFFFFFFFFFFFFFFFFFFFFFF00000000,PASSED
VMXNOR,8,2,FFFFFFFFFFFFFFFFFFFFFFFFFFFFF80D,FFFFFFFFFFFFFFFFFFFFFFFFFFFFF80D,PASSED
VMSBF,8,2,FFFFFFFFFFFFFFFFFFFFFFFF00000001,FFFFFFFFFFFFFFFFFFFFFFFF00000001,PASSED
VMSOF,8,2,FFFFFFFFFFFFFFFFFFFFFFFF00000000,FFFFFFFFFFFFFFFFFFFFFFFF00000000,PASSED
VMSIF,8,2,FFFFFFFFFFFFFFFFFFFFFFFFFFFFFFFF,FFFFFFFFFFFFFFFFFFFFFFFFFFFFFFFF,PASSED
VMANDN,8,2,FFFFFFFFFFFFFFFFFFFFFFFFFFFFFFFE,FFFFFFFFFFFFFFFFFFFFFFFFFFFFFFFE,PASSED
VMAND,8,2,FFFFFFFFFFFFFFFFFFFFFFFFFFFFF80C,FFFFFFFFFFFFFFFFFFFFFFFFFFFFF80C,PASSED
VMOR,8,2,FFFFFFFFFFFFFFFFFFFFFFFFFFFFFE0E,FFFFFFFFFFFFFFFFFFFFFFFFFFFFFE0E,PASSED
VMXOR,8,2,FFFFFFFFFFFFFFFFFFFFFFFF00000602,FFFFFFFFFFFFFFFFFFFFFFFF00000602,PASSED
VMORN,8,2,FFFFFFFFFFFFFFFFFFFFFFFFFFFFFFF1,FFFFFFFFFFFFFFFFFFFFFFFFFFFFFFF1,PASSED
VMNAND,8,2,FFFFFFFFFFFFFFFFFFFFFFFF000001F1,FFFFFFFFFFFFFFFFFFFFFFFF000001F1,PASSED
VMNOR,8,2,FFFFFFFFFFFFFFFFFFFFFFFF00000002,FFFFFFFFFFFFFFFFFFFFFFFF00000002,PASSED
VMXNOR,8,2,FFFFFFFFFFFFFFFFFFFFFFFFFFFFF8F2,FFFFFFFFFFFFFFFFFFFFFFFFFFFFF8F2,PASSED
VMSBF,16,4,FFFFFFFFFFFFFFFFFFFFFFFF00000000,FFFFFFFFFFFFFFFFFFFFFFFF00000000,PASSED
VMSOF,16,4,FFFFFFFFFFFFFFFFFFFFFFFF00000002,FFFFFFFFFFFFFFFFFFFFFFFF00000002,PASSED
VMSIF,16,4,FFFFFFFFFFFFFFFFFFFFFFFF00000003,FFFFFFFFFFFFFFFFFFFFFFFF00000003,PASSED
VMANDN,16,4,FFFFFFFFFFFFFFFFFFFFFFFFFFFFFE0E,FFFFFFFFFFFFFFFFFFFFFFFFFFFFFE0E,PASSED
VMAND,16,4,FFFFFFFFFFFFFFFFFFFFFFFFFFFFFE0E,FFFFFFFFFFFFFFFFFFFFFFFFFFFFFE0E,PASSED
VMOR,16,4,FFFFFFFFFFFFFFFFFFFFFFFFFFFFFE0E,FFFFFFFFFFFFFFFFFFFFFFFFFFFFFE0E,PASSED
VMXOR,16,4,FFFFFFFFFFFFFFFFFFFFFFFF0000010F,FFFFFFFFFFFFFFFFFFFFFFFF0000010F,PASSED
VMORN,16,4,FFFFFFFFFFFFFFFFFFFFFFFF000001FF,FFFFFFFFFFFFFFFFFFFFFFFF000001FF,PASSED
VMNAND,16,4,FFFFFFFFFFFFFFFFFFFFFFFFFFFFFEF0,FFFFFFFFFFFFFFFFFFFFFFFFFFFFFEF0,PASSED
VMNOR,16,4,FFFFFFFFFFFFFFFFFFFFFFFF00000001,FFFFFFFFFFFFFFFFFFFFFFFF00000001,PASSED
VMXNOR,16,4,FFFFFFFFFFFFFFFFFFFFFFFFFFFFF9FD,FFFFFFFFFFFFFFFFFFFFFFFFFFFFF9FD,PASSED
VMSBF,8,2,FFFFFFFFFFFFFFFFFFFFFFFFFFFFFFFF,FFFFFFFFFFFFFFFFFFFFFFFFFFFFFFFF,PASSED
VMSOF,8,2,FFFFFFFFFFFFFFFFFFFFFFFF00000001,FFFFFFFFFFFFFFFFFFFFFFFF00000001,PASSED
VMSIF,8,2,FFFFFFFFFFFFFFFFFFFFFFFF00000001,FFFFFFFFFFFFFFFFFFFFFFFF00000001,PASSED
VMANDN,8,2,FFFFFFFFFFFFFFFFFFFFFFFF00000602,FFFFFFFFFFFFFFFFFFFFFFFF00000602,PASSED
VMAND,8,2,FFFFFFFFFFFFFFFFFFFFFFFFFFFFFE00,FFFFFFFFFFFFFFFFFFFFFFFFFFFFFE00,PASSED
VMOR,8,2,FFFFFFFFFFFFFFFFFFFFFFFFFFFFF9FF,FFFFFFFFFFFFFFFFFFFFFFFFFFFFF9FF,PASSED
VMXOR,8,2,FFFFFFFFFFFFFFFFFFFFFFFFFFFFFE01,FFFFFFFFFFFFFFFFFFFFFFFFFFFFFE01,PASSED
VMORN,8,2,FFFFFFFFFFFFFFFFFFFFFFFFFFFFF9F3,FFFFFFFFFFFFFFFFFFFFFFFFFFFFF9F3,PASSED
VMNAND,8,2,FFFFFFFFFFFFFFFFFFFFFFFFFFFFFFFD,FFFFFFFFFFFFFFFFFFFFFFFFFFFFFFFD,PASSED
VMNOR,8,2,FFFFFFFFFFFFFFFFFFFFFFFF00000600,FFFFFFFFFFFFFFFFFFFFFFFF00000600,PASSED
VMXNOR,8,2,FFFFFFFFFFFFFFFFFFFFFFFF0000060C,FFFFFFFFFFFFFFFFFFFFFFFF0000060C,PASSED
VMSBF,32,2,FFFFFFFFFFFFFFFFFFFFFFFFFFFFFF00,FFFFFFFFFFFFFFFFFFFFFFFFFFFFFF00,PASSED
VMSOF,32,2,FFFFFFFFFFFFFFFFFFFFFFFFFFFFFF01,FFFFFFFFFFFFFFFFFFFFFFFFFFFFFF01,PASSED
VMSIF,32,2,FFFFFFFFFFFFFFFFFFFFFFFFFFFFFFFF,FFFFFFFFFFFFFFFFFFFFFFFFFFFFFFFF,PASSED
VMANDN,32,2,FFFFFFFFFFFFFFFFFFFFFFFFFFFFFF0D,FFFFFFFFFFFFFFFFFFFFFFFFFFFFFF0D,PASSED
VMAND,32,2,FFFFFFFFFFFFFFFFFFFFFFFFFFFFFF00,FFFFFFFFFFFFFFFFFFFFFFFFFFFFFF00,PASSED
VMOR,32,2,FFFFFFFFFFFFFFFFFFFFFFFFFFFFFF0F,FFFFFFFFFFFFFFFFFFFFFFFFFFFFFF0F,PASSED
VMXOR,32,2,FFFFFFFFFFFFFFFFFFFFFFFFFFFFFF00,FFFFFFFFFFFFFFFFFFFFFFFFFFFFFF00,PASSED
VMORN,32,2,FFFFFFFFFFFFFFFFFFFFFFFFFFFFFFFF,FFFFFFFFFFFFFFFFFFFFFFFFFFFFFFFF,PASSED
VMNAND,32,2,FFFFFFFFFFFFFFFFFFFFFFFFFFFFFFF1,FFFFFFFFFFFFFFFFFFFFFFFFFFFFFFF1,PASSED
VMNOR,32,2,FFFFFFFFFFFFFFFFFFFFFFFFFFFFFF00,FFFFFFFFFFFFFFFFFFFFFFFFFFFFFF00,PASSED
VMXNOR,32,2,FFFFFFFFFFFFFFFFFFFFFFFFFFFFFF02,FFFFFFFFFFFFFFFFFFFFFFFFFFFFFF02,PASSED
VMSBF,8,4,FFFFFFFFFFFFFFFF0000000000000000,FFFFFFFFFFFFFFFF0000000000000000,PASSED
VMSOF,8,4,FFFFFFFFFFFFFFFF0000000000000001,FFFFFFFFFFFFFFFF0000000000000001,PASSED
VMSIF,8,4,FFFFFFFFFFFFFFFF0000000000000001,FFFFFFFFFFFFFFFF0000000000000001,PASSED
VMANDN,8,4,FFFFFFFFFFFFFFFF000000000000000E,FFFFFFFFFFFFFFFF000000000000000E,PASSED
VMAND,8,4,FFFFFFFFFFFFFFFF0000000000000002,FFFFFFFFFFFFFFFF0000000000000002,PASSED
VMOR,8,4,FFFFFFFFFFFFFFFFFFFFFFFFFFFFFFF1,FFFFFFFFFFFFFFFFFFFFFFFFFFFFFFF1,PASSED
VMXOR,8,4,FFFFFFFFFFFFFFFF000000000000000C,FFFFFFFFFFFFFFFF000000000000000C,PASSED
VMORN,8,4,FFFFFFFFFFFFFFFF000000000000060C,FFFFFFFFFFFFFFFF000000000000060C,PASSED
VMNAND,8,4,FFFFFFFFFFFFFFFFFFFFFFFFFFFFF9FF,FFFFFFFFFFFFFFFFFFFFFFFFFFFFF9FF,PASSED
VMNOR,8,4,FFFFFFFFFFFFFFFF00000000000000FE,FFFFFFFFFFFFFFFF00000000000000FE,PASSED
VMXNOR,8,4,FFFFFFFFFFFFFFFFFFFFFFFFFFFFFE00,FFFFFFFFFFFFFFFFFFFFFFFFFFFFFE00,PASSED
VMSBF,8,8,00000000000000000000000000000000,00000000000000000000000000000000,PASSED
VMSOF,8,8,00000000000000000000000000000001,00000000000000000000000000000001,PASSED
VMSIF,8,8,00000000000000000000000000000001,00000000000000000000000000000001,PASSED
VMANDN,8,8,FFFFFFFFFFFFFFFFFFFFFFFFFFFFF9FE,FFFFFFFFFFFFFFFFFFFFFFFFFFFFF9FE,PASSED
VMAND,8,8,00000000000000000000000000000000,00000000000000000000000000000000,PASSED
VMOR,8,8,FFFFFFFFFFFFFFFFFFFFFFFFFFFFF9FE,FFFFFFFFFFFFFFFFFFFFFFFFFFFFF9FE,PASSED
VMXOR,8,8,00000000000000000000000000000001,00000000000000000000000000000001,PASSED
VMORN,8,8,FFFFFFFFFFFFFFFFFFFFFFFFFFFFFFFF,FFFFFFFFFFFFFFFFFFFFFFFFFFFFFFFF,PASSED
VMNAND,8,8,FFFFFFFFFFFFFFFFFFFFFFFFFFFFFFFE,FFFFFFFFFFFFFFFFFFFFFFFFFFFFFFFE,PASSED
VMNOR,8,8,000000000000000000000000000000FE,000000000000000000000000000000FE,PASSED
VMXNOR,8,8,000000000000000000000000000007F3,000000000000000000000000000007F3,PASSED
VMSBF,8,2,FFFFFFFFFFFFFFFFFFFFFFFFFFFFFFFF,FFFFFFFFFFFFFFFFFFFFFFFFFFFFFFFF,PASSED
VMSOF,8,2,FFFFFFFFFFFFFFFFFFFFFFFF00000001,FFFFFFFFFFFFFFFFFFFFFFFF00000001,PASSED
VMSIF,8,2,FFFFFFFFFFFFFFFFFFFFFFFF000001FF,FFFFFFFFFFFFFFFFFFFFFFFF000001FF,PASSED
VMANDN,8,2,FFFFFFFFFFFFFFFFFFFFFFFFFFFFFE00,FFFFFFFFFFFFFFFFFFFFFFFFFFFFFE00,PASSED
VMAND,8,2,FFFFFFFFFFFFFFFFFFFFFFFFFFFFFF01,FFFFFFFFFFFFFFFFFFFFFFFFFFFFFF01,PASSED
VMOR,8,2,FFFFFFFFFFFFFFFFFFFFFFFFFFFFFFFF,FFFFFFFFFFFFFFFFFFFFFFFFFFFFFFFF,PASSED
VMXOR,8,2,FFFFFFFFFFFFFFFFFFFFFFFF000000FF,FFFFFFFFFFFFFFFFFFFFFFFF000000FF,PASSED
VMORN,8,2,FFFFFFFFFFFFFFFFFFFFFFFFFFFFFFFF,FFFFFFFFFFFFFFFFFFFFFFFFFFFFFFFF,PASSED
VMNAND,8,2,FFFFFFFFFFFFFFFFFFFFFFFFFFFFFFFF,FFFFFFFFFFFFFFFFFFFFFFFFFFFFFFFF,PASSED
VMNOR,8,2,FFFFFFFFFFFFFFFFFFFFFFFF00000000,FFFFFFFFFFFFFFFFFFFFFFFF00000000,PASSED
VMXNOR,8,2,FFFFFFFFFFFFFFFFFFFFFFFFFFFFF80C,FFFFFFFFFFFFFFFFFFFFFFFFFFFFF80C,PASSED
VMSBF,32,8,FFFFFFFFFFFFFFFFFFFFFFFF00000000,FFFFFFFFFFFFFFFFFFFFFFFF00000000,PASSED
VMSOF,32,8,FFFFFFFFFFFFFFFFFFFFFFFF00000001,FFFFFFFFFFFFFFFFFFFFFFFF00000001,PASSED
VMSIF,32,8,FFFFFFFFFFFFFFFFFFFFFFFF00000001,FFFFFFFFFFFFFFFFFFFFFFFF00000001,PASSED
VMANDN,32,8,FFFFFFFFFFFFFFFFFFFFFFFF00000001,FFFFFFFFFFFFFFFFFFFFFFFF00000001,PASSED
VMAND,32,8,FFFFFFFFFFFFFFFFFFFFFFFF00000001,FFFFFFFFFFFFFFFFFFFFFFFF00000001,PASSED
VMOR,32,8,FFFFFFFFFFFFFFFFFFFFFFFFFFFFFFFF,FFFFFFFFFFFFFFFFFFFFFFFFFFFFFFFF,PASSED
VMXOR,32,8,FFFFFFFFFFFFFFFFFFFFFFFFFFFFFFFE,FFFFFFFFFFFFFFFFFFFFFFFFFFFFFFFE,PASSED
VMORN,32,8,FFFFFFFFFFFFFFFFFFFFFFFFFFFFFFFF,FFFFFFFFFFFFFFFFFFFFFFFFFFFFFFFF,PASSED
VMNAND,32,8,FFFFFFFFFFFFFFFFFFFFFFFFFFFFFFFE,FFFFFFFFFFFFFFFFFFFFFFFFFFFFFFFE,PASSED
VMNOR,32,8,FFFFFFFFFFFFFFFFFFFFFFFF00000000,FFFFFFFFFFFFFFFFFFFFFFFF00000000,PASSED
VMXNOR,32,8,FFFFFFFFFFFFFFFFFFFFFFFF000007F2,FFFFFFFFFFFFFFFFFFFFFFFF000007F2,PASSED
VMSBF,16,8,FFFFFFFFFFFFFFFF0000000000000001,FFFFFFFFFFFFFFFF0000000000000001,PASSED
VMSOF,16,8,FFFFFFFFFFFFFFFF0000000000000002,FFFFFFFFFFFFFFFF0000000000000002,PASSED
VMSIF,16,8,FFFFFFFFFFFFFFFF00000001FFFFFFFF,FFFFFFFFFFFFFFFF00000001FFFFFFFF,PASSED
VMANDN,16,8,FFFFFFFFFFFFFFFF0000000000000000,FFFFFFFFFFFFFFFF0000000000000000,PASSED
VMAND,16,8,FFFFFFFFFFFFFFFF0000000000000000,FFFFFFFFFFFFFFFF0000000000000000,PASSED
VMOR,16,8,FFFFFFFFFFFFFFFF0000000000000002,FFFFFFFFFFFFFFFF0000000000000002,PASSED
VMXOR,16,8,FFFFFFFFFFFFFFFF0000000000000000,FFFFFFFFFFFFFFFF0000000000000000,PASSED
VMORN,16,8,FFFFFFFFFFFFFFFFFFFFFFFFFFFFFFFD,FFFFFFFFFFFFFFFFFFFFFFFFFFFFFFFD,PASSED
VMNAND,16,8,FFFFFFFFFFFFFFFFFFFFFFFFFFFFFFFF,FFFFFFFFFFFFFFFFFFFFFFFFFFFFFFFF,PASSED
VMNOR,16,8,FFFFFFFFFFFFFFFF0000000000000000,FFFFFFFFFFFFFFFF0000000000000000,PASSED
VMXNOR,16,8,FFFFFFFFFFFFFFFF00000000000007F3,FFFFFFFFFFFFFFFF00000000000007F3,PASSED
VMSBF,16,2,FFFFFFFFFFFFFFFFFFFFFFFFFFFFFFFF,FFFFFFFFFFFFFFFFFFFFFFFFFFFFFFFF,PASSED
VMSOF,16,2,FFFFFFFFFFFFFFFFFFFFFFFFFFFF0000,FFFFFFFFFFFFFFFFFFFFFFFFFFFF0000,PASSED
VMSIF,16,2,FFFFFFFFFFFFFFFFFFFFFFFFFFFFFFFF,FFFFFFFFFFFFFFFFFFFFFFFFFFFFFFFF,PASSED
VMANDN,16,2,FFFFFFFFFFFFFFFFFFFFFFFFFFFF0000,FFFFFFFFFFFFFFFFFFFFFFFFFFFF0000,PASSED
VMAND,16,2,FFFFFFFFFFFFFFFFFFFFFFFFFFFFF800,FFFFFFFFFFFFFFFFFFFFFFFFFFFFF800,PASSED
VMOR,16,2,FFFFFFFFFFFFFFFFFFFFFFFFFFFFFF01,FFFFFFFFFFFFFFFFFFFFFFFFFFFFFF01,PASSED
VMXOR,16,2,FFFFFFFFFFFFFFFFFFFFFFFFFFFF07F3,FFFFFFFFFFFFFFFFFFFFFFFFFFFF07F3,PASSED
VMORN,16,2,FFFFFFFFFFFFFFFFFFFFFFFFFFFFFFFF,FFFFFFFFFFFFFFFFFFFFFFFFFFFFFFFF,PASSED
VMNAND,16,2,FFFFFFFFFFFFFFFFFFFFFFFFFFFF0000,FFFFFFFFFFFFFFFFFFFFFFFFFFFF0000,PASSED
VMNOR,16,2,FFFFFFFFFFFFFFFFFFFFFFFFFFFF0000,FFFFFFFFFFFFFFFFFFFFFFFFFFFF0000,PASSED
VMXNOR,16,2,FFFFFFFFFFFFFFFFFFFFFFFFFFFF01F3,FFFFFFFFFFFFFFFFFFFFFFFFFFFF01F3,PASSED
VMSBF,16,1,FFFFFFFFFFFFFFFFFFFFFFFFFFFFFFFF,FFFFFFFFFFFFFFFFFFFFFFFFFFFFFFFF,PASSED
VMSOF,16,1,FFFFFFFFFFFFFFFFFFFFFFFFFFFFFF01,FFFFFFFFFFFFFFFFFFFFFFFFFFFFFF01,PASSED
VMSIF,16,1,FFFFFFFFFFFFFFFFFFFFFFFFFFFFFFFF,FFFFFFFFFFFFFFFFFFFFFFFFFFFFFFFF,PASSED
VMANDN,16,1,FFFFFFFFFFFFFFFFFFFFFFFFFFFFFFFF,FFFFFFFFFFFFFFFFFFFFFFFFFFFFFFFF,PASSED
VMAND,16,1,FFFFFFFFFFFFFFFFFFFFFFFFFFFFFFFF,FFFFFFFFFFFFFFFFFFFFFFFFFFFFFFFF,PASSED
VMOR,16,1,FFFFFFFFFFFFFFFFFFFFFFFFFFFFFFFF,FFFFFFFFFFFFFFFFFFFFFFFFFFFFFFFF,PASSED
VMXOR,16,1,FFFFFFFFFFFFFFFFFFFFFFFFFFFFFF22,FFFFFFFFFFFFFFFFFFFFFFFFFFFFFF22,PASSED
VMORN,16,1,FFFFFFFFFFFFFFFFFFFFFFFFFFFFFFFF,FFFFFFFFFFFFFFFFFFFFFFFFFFFFFFFF,PASSED
VMNAND,16,1,FFFFFFFFFFFFFFFFFFFFFFFFFFFFFF00,FFFFFFFFFFFFFFFFFFFFFFFFFFFFFF00,PASSED
VMNOR,16,1,FFFFFFFFFFFFFFFFFFFFFFFFFFFFFF00,FFFFFFFFFFFFFFFFFFFFFFFFFFFFFF00,PASSED
VMXNOR,16,1,FFFFFFFFFFFFFFFFFFFFFFFFFFFFFF0C,FFFFFFFFFFFFFFFFFFFFFFFFFFFFFF0C,PASSED
VMSBF,32,8,FFFFFFFFFFFFFFFFFFFFFFFF00000000,FFFFFFFFFFFFFFFFFFFFFFFF00000000,PASSED
VMSOF,32,8,FFFFFFFFFFFFFFFFFFFFFFFF00010000,FFFFFFFFFFFFFFFFFFFFFFFF00010000,PASSED
VMSIF,32,8,FFFFFFFFFFFFFFFFFFFFFFFF00000001,FFFFFFFFFFFFFFFFFFFFFFFF00000001,PASSED
VMANDN,32,8,FFFFFFFFFFFFFFFFFFFFFFFF00000000,FFFFFFFFFFFFFFFFFFFFFFFF00000000,PASSED
VMAND,32,8,FFFFFFFFFFFFFFFFFFFFFFFFFFFF01F3,FFFFFFFFFFFFFFFFFFFFFFFFFFFF01F3,PASSED
VMOR,32,8,FFFFFFFFFFFFFFFFFFFFFFFFFFFF01F3,FFFFFFFFFFFFFFFFFFFFFFFFFFFF01F3,PASSED
VMXOR,32,8,FFFFFFFFFFFFFFFFFFFFFFFFFFFF01F2,FFFFFFFFFFFFFFFFFFFFFFFFFFFF01F2,PASSED
VMORN,32,8,FFFFFFFFFFFFFFFFFFFFFFFFFFFFFFFF,FFFFFFFFFFFFFFFFFFFFFFFFFFFFFFFF,PASSED
VMNAND,32,8,FFFFFFFFFFFFFFFFFFFFFFFF0000FE0D,FFFFFFFFFFFFFFFFFFFFFFFF0000FE0D,PASSED
VMNOR,32,8,FFFFFFFFFFFFFFFFFFFFFFFF00000000,FFFFFFFFFFFFFFFFFFFFFFFF00000000,PASSED
VMXNOR,32,8,FFFFFFFFFFFFFFFFFFFFFFFFFFFF0601,FFFFFFFFFFFFFFFFFFFFFFFFFFFF0601,PASSED
VMSBF,32,8,FFFFFFFFFFFFFFFFFFFFFFFF00000000,FFFFFFFFFFFFFFFFFFFFFFFF00000000,PASSED
VMSOF,32,8,FFFFFFFFFFFFFFFFFFFFFFFF00000001,FFFFFFFFFFFFFFFFFFFFFFFF00000001,PASSED
VMSIF,32,8,FFFFFFFFFFFFFFFFFFFFFFFFFFFFFFFF,FFFFFFFFFFFFFFFFFFFFFFFFFFFFFFFF,PASSED
VMANDN,32,8,FFFFFFFFFFFFFFFFFFFFFFFF00000001,FFFFFFFFFFFFFFFFFFFFFFFF00000001,PASSED
VMAND,32,8,FFFFFFFFFFFFFFFFFFFFFFFF00000000,FFFFFFFFFFFFFFFFFFFFFFFF00000000,PASSED
VMOR,32,8,FFFFFFFFFFFFFFFFFFFFFFFF0000FE0D,FFFFFFFFFFFFFFFFFFFFFFFF0000FE0D,PASSED
VMXOR,32,8,FFFFFFFFFFFFFFFFFFFFFFFF00000000,FFFFFFFFFFFFFFFFFFFFFFFF00000000,PASSED
VMORN,32,8,FFFFFFFFFFFFFFFFFFFFFFFFFFFFFFFF,FFFFFFFFFFFFFFFFFFFFFFFFFFFFFFFF,PASSED
VMNAND,32,8,FFFFFFFFFFFFFFFFFFFFFFFFFFFFFFFF,FFFFFFFFFFFFFFFFFFFFFFFFFFFFFFFF,PASSED
VMNOR,32,8,FFFFFFFFFFFFFFFFFFFFFFFF00000000,FFFFFFFFFFFFFFFFFFFFFFFF00000000,PASSED
VMXNOR,32,8,FFFFFFFFFFFFFFFFFFFFFFFFFFFFF80C,FFFFFFFFFFFFFFFFFFFFFFFFFFFFF80C,PASSED
VMSBF,16,4,FFFFFFFFFFFFFFFFFFFFFFFF00000003,FFFFFFFFFFFFFFFFFFFFFFFF00000003,PASSED
VMSOF,16,4,FFFFFFFFFFFFFFFFFFFFFFFF00000001,FFFFFFFFFFFFFFFFFFFFFFFF00000001,PASSED
VMSIF,16,4,FFFFFFFFFFFFFFFFFFFFFFFF00000007,FFFFFFFFFFFFFFFFFFFFFFFF00000007,PASSED
VMANDN,16,4,FFFFFFFFFFFFFFFFFFFFFFFF00000007,FFFFFFFFFFFFFFFFFFFFFFFF00000007,PASSED
VMAND,16,4,FFFFFFFFFFFFFFFFFFFFFFFFFFFFFF00,FFFFFFFFFFFFFFFFFFFFFFFFFFFFFF00,PASSED
VMOR,16,4,FFFFFFFFFFFFFFFFFFFFFFFFFFFFFFFF,FFFFFFFFFFFFFFFFFFFFFFFFFFFFFFFF,PASSED
VMXOR,16,4,FFFFFFFFFFFFFFFFFFFFFFFFFFFFFF03,FFFFFFFFFFFFFFFFFFFFFFFFFFFFFF03,PASSED
VMORN,16,4,FFFFFFFFFFFFFFFFFFFFFFFFFFFFFF00,FFFFFFFFFFFFFFFFFFFFFFFFFFFFFF00,PASSED
VMNAND,16,4,FFFFFFFFFFFFFFFFFFFFFFFFFFFFFFFC,FFFFFFFFFFFFFFFFFFFFFFFFFFFFFFFC,PASSED
VMNOR,16,4,FFFFFFFFFFFFFFFFFFFFFFFF00000000,FFFFFFFFFFFFFFFFFFFFFFFF00000000,PASSED
VMXNOR,16,4,FFFFFFFFFFFFFFFFFFFFFFFFFFFFF80C,FFFFFFFFFFFFFFFFFFFFFFFFFFFFF80C,PASSED
VMSBF,32,8,FFFFFFFFFFFFFFFFFFFFFFFFFFFFFFFF,FFFFFFFFFFFFFFFFFFFFFFFFFFFFFFFF,PASSED
VMSOF,32,8,FFFFFFFFFFFFFFFFFFFFFFFF00000001,FFFFFFFFFFFFFFFFFFFFFFFF00000001,PASSED
VMSIF,32,8,FFFFFFFFFFFFFFFFFFFFFFFF00000001,FFFFFFFFFFFFFFFFFFFFFFFF00000001,PASSED
VMANDN,32,8,FFFFFFFFFFFFFFFFFFFFFFFF00000002,FFFFFFFFFFFFFFFFFFFFFFFF00000002,PASSED
VMAND,32,8,FFFFFFFFFFFFFFFFFFFFFFFF00000002,FFFFFFFFFFFFFFFFFFFFFFFF00000002,PASSED
VMOR,32,8,FFFFFFFFFFFFFFFFFFFFFFFF00000007,FFFFFFFFFFFFFFFFFFFFFFFF00000007,PASSED
VMXOR,32,8,FFFFFFFFFFFFFFFFFFFFFFFF00000005,FFFFFFFFFFFFFFFFFFFFFFFF00000005,PASSED
VMORN,32,8,FFFFFFFFFFFFFFFFFFFFFFFFFFFFFFFB,FFFFFFFFFFFFFFFFFFFFFFFFFFFFFFFB,PASSED
VMNAND,32,8,FFFFFFFFFFFFFFFFFFFFFFFFFFFFFFFC,FFFFFFFFFFFFFFFFFFFFFFFFFFFFFFFC,PASSED
VMNOR,32,8,FFFFFFFFFFFFFFFFFFFFFFFF00000000,FFFFFFFFFFFFFFFFFFFFFFFF00000000,PASSED
VMXNOR,32,8,FFFFFFFFFFFFFFFFFFFFFFFF000007F3,FFFFFFFFFFFFFFFFFFFFFFFF000007F3,PASSED
VMSBF,32,1,FFFFFFFFFFFFFFFFFFFFFFFFFFFFFFFF,FFFFFFFFFFFFFFFFFFFFFFFFFFFFFFFF,PASSED
VMSOF,32,1,FFFFFFFFFFFFFFFFFFFFFFFFFFFFFFF0,FFFFFFFFFFFFFFFFFFFFFFFFFFFFFFF0,PASSED
VMSIF,32,1,FFFFFFFFFFFFFFFFFFFFFFFFFFFFFFFF,FFFFFFFFFFFFFFFFFFFFFFFFFFFFFFFF,PASSED
VMANDN,32,1,FFFFFFFFFFFFFFFFFFFFFFFFFFFFFFF0,FFFFFFFFFFFFFFFFFFFFFFFFFFFFFFF0,PASSED
VMAND,32,1,FFFFFFFFFFFFFFFFFFFFFFFFFFFFFFF1,FFFFFFFFFFFFFFFFFFFFFFFFFFFFFFF1,PASSED
VMOR,32,1,FFFFFFFFFFFFFFFFFFFFFFFFFFFFFFF3,FFFFFFFFFFFFFFFFFFFFFFFFFFFFFFF3,PASSED
VMXOR,32,1,FFFFFFFFFFFFFFFFFFFFFFFFFFFFFFF3,FFFFFFFFFFFFFFFFFFFFFFFFFFFFFFF3,PASSED
VMORN,32,1,FFFFFFFFFFFFFFFFFFFFFFFFFFFFFFFC,FFFFFFFFFFFFFFFFFFFFFFFFFFFFFFFC,PASSED
VMNAND,32,1,FFFFFFFFFFFFFFFFFFFFFFFFFFFFFFFF,FFFFFFFFFFFFFFFFFFFFFFFFFFFFFFFF,PASSED
VMNOR,32,1,FFFFFFFFFFFFFFFFFFFFFFFFFFFFFFF2,FFFFFFFFFFFFFFFFFFFFFFFFFFFFFFF2,PASSED
VMXNOR,32,1,FFFFFFFFFFFFFFFFFFFFFFFFFFFFFFF0,FFFFFFFFFFFFFFFFFFFFFFFFFFFFFFF0,PASSED
VMSBF,8,8,000000000000000000000000FFFFFFFF,000000000000000000000000FFFFFFFF,PASSED
VMSOF,8,8,00000000000000000000000000000001,00000000000000000000000000000001,PASSED
VMSIF,8,8,00000000000000000000000000000001,00000000000000000000000000000001,PASSED
VMANDN,8,8,00000000000000000000000000000000,00000000000000000000000000000000,PASSED
VMAND,8,8,00000000000000000000000000000001,00000000000000000000000000000001,PASSED
VMOR,8,8,00000000000000000000000000000001,00000000000000000000000000000001,PASSED
VMXOR,8,8,00000000000000000000000000000001,00000000000000000000000000000001,PASSED
VMORN,8,8,FFFFFFFFFFFFFFFFFFFFFFFFFFFFFFFF,FFFFFFFFFFFFFFFFFFFFFFFFFFFFFFFF,PASSED
VMNAND,8,8,FFFFFFFFFFFFFFFFFFFFFFFFFFFFFFFE,FFFFFFFFFFFFFFFFFFFFFFFFFFFFFFFE,PASSED
VMNOR,8,8,00000000000000000000000000000001,00000000000000000000000000000001,PASSED
VMXNOR,8,8,FFFFFFFFFFFFFFFFFFFFFFFFFFFFF80C,FFFFFFFFFFFFFFFFFFFFFFFFFFFFF80C,PASSED
VMSBF,16,1,FFFFFFFFFFFFFFFFFFFFFFFFFFFFFF0F,FFFFFFFFFFFFFFFFFFFFFFFFFFFFFF0F,PASSED
VMSOF,16,1,FFFFFFFFFFFFFFFFFFFFFFFFFFFFFF01,FFFFFFFFFFFFFFFFFFFFFFFFFFFFFF01,PASSED
VMSIF,16,1,FFFFFFFFFFFFFFFFFFFFFFFFFFFFFF01,FFFFFFFFFFFFFFFFFFFFFFFFFFFFFF01,PASSED
VMANDN,16,1,FFFFFFFFFFFFFFFFFFFFFFFFFFFFFF00,FFFFFFFFFFFFFFFFFFFFFFFFFFFFFF00,PASSED
VMAND,16,1,FFFFFFFFFFFFFFFFFFFFFFFFFFFFFFF1,FFFFFFFFFFFFFFFFFFFFFFFFFFFFFFF1,PASSED
VMOR,16,1,FFFFFFFFFFFFFFFFFFFFFFFFFFFFFFF1,FFFFFFFFFFFFFFFFFFFFFFFFFFFFFFF1,PASSED
VMXOR,16,1,FFFFFFFFFFFFFFFFFFFFFFFFFFFFFF0C,FFFFFFFFFFFFFFFFFFFFFFFFFFFFFF0C,PASSED
VMORN,16,1,FFFFFFFFFFFFFFFFFFFFFFFFFFFFFFF3,FFFFFFFFFFFFFFFFFFFFFFFFFFFFFFF3,PASSED
VMNAND,16,1,FFFFFFFFFFFFFFFFFFFFFFFFFFFFFF0F,FFFFFFFFFFFFFFFFFFFFFFFFFFFFFF0F,PASSED
VMNOR,16,1,FFFFFFFFFFFFFFFFFFFFFFFFFFFFFF00,FFFFFFFFFFFFFFFFFFFFFFFFFFFFFF00,PASSED
VMXNOR,16,1,FFFFFFFFFFFFFFFFFFFFFFFFFFFFFF0E,FFFFFFFFFFFFFFFFFFFFFFFFFFFFFF0E,PASSED
VMSBF,8,1,FFFFFFFFFFFFFFFFFFFFFFFFFFFFFFFF,FFFFFFFFFFFFFFFFFFFFFFFFFFFFFFFF,PASSED
VMSOF,8,1,FFFFFFFFFFFFFFFFFFFFFFFFFFFF0002,FFFFFFFFFFFFFFFFFFFFFFFFFFFF0002,PASSED
VMSIF,8,1,FFFFFFFFFFFFFFFFFFFFFFFFFFFF0003,FFFFFFFFFFFFFFFFFFFFFFFFFFFF0003,PASSED
VMANDN,8,1,FFFFFFFFFFFFFFFFFFFFFFFFFFFF0002,FFFFFFFFFFFFFFFFFFFFFFFFFFFF0002,PASSED
VMAND,8,1,FFFFFFFFFFFFFFFFFFFFFFFFFFFF0000,FFFFFFFFFFFFFFFFFFFFFFFFFFFF0000,PASSED
VMOR,8,1,FFFFFFFFFFFFFFFFFFFFFFFFFFFFFFF1,FFFFFFFFFFFFFFFFFFFFFFFFFFFFFFF1,PASSED
VMXOR,8,1,FFFFFFFFFFFFFFFFFFFFFFFFFFFFFFF1,FFFFFFFFFFFFFFFFFFFFFFFFFFFFFFF1,PASSED
VMORN,8,1,FFFFFFFFFFFFFFFFFFFFFFFFFFFF000F,FFFFFFFFFFFFFFFFFFFFFFFFFFFF000F,PASSED
VMNAND,8,1,FFFFFFFFFFFFFFFFFFFFFFFFFFFF000F,FFFFFFFFFFFFFFFFFFFFFFFFFFFF000F,PASSED
VMNOR,8,1,FFFFFFFFFFFFFFFFFFFFFFFFFFFF00F0,FFFFFFFFFFFFFFFFFFFFFFFFFFFF00F0,PASSED
VMXNOR,8,1,FFFFFFFFFFFFFFFFFFFFFFFFFFFFFF01,FFFFFFFFFFFFFFFFFFFFFFFFFFFFFF01,PASSED
VMSBF,16,8,FFFFFFFFFFFFFFFF000000000000FFFF,FFFFFFFFFFFFFFFF000000000000FFFF,PASSED
VMSOF,16,8,FFFFFFFFFFFFFFFF0000000000010000,FFFFFFFFFFFFFFFF0000000000010000,PASSED
VMSIF,16,8,FFFFFFFFFFFFFFFF000000000001FFFF,FFFFFFFFFFFFFFFF000000000001FFFF,PASSED
VMANDN,16,8,FFFFFFFFFFFFFFFF0000000000000000,FFFFFFFFFFFFFFFF0000000000000000,PASSED
VMAND,16,8,FFFFFFFFFFFFFFFF0000000000000000,FFFFFFFFFFFFFFFF0000000000000000,PASSED
VMOR,16,8,FFFFFFFFFFFFFFFFFFFFFFFFFFFFF80C,FFFFFFFFFFFFFFFFFFFFFFFFFFFFF80C,PASSED
VMXOR,16,8,FFFFFFFFFFFFFFFF0000000000010000,FFFFFFFFFFFFFFFF0000000000010000,PASSED
VMORN,16,8,FFFFFFFFFFFFFFFFFFFFFFFFFFFFFFFF,FFFFFFFFFFFFFFFFFFFFFFFFFFFFFFFF,PASSED
VMNAND,16,8,FFFFFFFFFFFFFFFFFFFFFFFFFFFFFFFF,FFFFFFFFFFFFFFFFFFFFFFFFFFFFFFFF,PASSED
VMNOR,16,8,FFFFFFFFFFFFFFFF00000000000000F0,FFFFFFFFFFFFFFFF00000000000000F0,PASSED
VMXNOR,16,8,FFFFFFFFFFFFFFFF00000000000100FF,FFFFFFFFFFFFFFFF00000000000100FF,PASSED
VMSBF,16,8,FFFFFFFFFFFFFFFF0000000000000000,FFFFFFFFFFFFFFFF0000000000000000,PASSED
VMSOF,16,8,FFFFFFFFFFFFFFFF0000000000000001,FFFFFFFFFFFFFFFF0000000000000001,PASSED
VMSIF,16,8,FFFFFFFFFFFFFFFF0000000000000001,FFFFFFFFFFFFFFFF0000000000000001,PASSED
VMANDN,16,8,FFFFFFFFFFFFFFFF0000000000000000,FFFFFFFFFFFFFFFF0000000000000000,PASSED
VMAND,16,8,FFFFFFFFFFFFFFFF0000000000010000,FFFFFFFFFFFFFFFF0000000000010000,PASSED
VMOR,16,8,FFFFFFFFFFFFFFFFFFFFFFFFFFFFFFFF,FFFFFFFFFFFFFFFFFFFFFFFFFFFFFFFF,PASSED
VMXOR,16,8,FFFFFFFFFFFFFFFF0000000000010001,FFFFFFFFFFFFFFFF0000000000010001,PASSED
VMORN,16,8,FFFFFFFFFFFFFFFF0000000000010001,FFFFFFFFFFFFFFFF0000000000010001,PASSED
VMNAND,16,8,FFFFFFFFFFFFFFFFFFFFFFFFFFFEFFFF,FFFFFFFFFFFFFFFFFFFFFFFFFFFEFFFF,PASSED
VMNOR,16,8,FFFFFFFFFFFFFFFF00000000000000F0,FFFFFFFFFFFFFFFF00000000000000F0,PASSED
VMXNOR,16,8,FFFFFFFFFFFFFFFFFFFFFFFFFFFFFF00,FFFFFFFFFFFFFFFFFFFFFFFFFFFFFF00,PASSED
VMSBF,32,1,FFFFFFFFFFFFFFFFFFFFFFFFFFFFFFFF,FFFFFFFFFFFFFFFFFFFFFFFFFFFFFFFF,PASSED
VMSOF,32,1,FFFFFFFFFFFFFFFFFFFFFFFFFFFFFFF0,FFFFFFFFFFFFFFFFFFFFFFFFFFFFFFF0,PASSED
VMSIF,32,1,FFFFFFFFFFFFFFFFFFFFFFFFFFFFFFFF,FFFFFFFFFFFFFFFFFFFFFFFFFFFFFFFF,PASSED
VMANDN,32,1,FFFFFFFFFFFFFFFFFFFFFFFFFFFFFFF1,FFFFFFFFFFFFFFFFFFFFFFFFFFFFFFF1,PASSED
VMAND,32,1,FFFFFFFFFFFFFFFFFFFFFFFFFFFFFFF0,FFFFFFFFFFFFFFFFFFFFFFFFFFFFFFF0,PASSED
VMOR,32,1,FFFFFFFFFFFFFFFFFFFFFFFFFFFFFFF3,FFFFFFFFFFFFFFFFFFFFFFFFFFFFFFF3,PASSED
VMXOR,32,1,FFFFFFFFFFFFFFFFFFFFFFFFFFFFFFFF,FFFFFFFFFFFFFFFFFFFFFFFFFFFFFFFF,PASSED
VMORN,32,1,FFFFFFFFFFFFFFFFFFFFFFFFFFFFFFFF,FFFFFFFFFFFFFFFFFFFFFFFFFFFFFFFF,PASSED
VMNAND,32,1,FFFFFFFFFFFFFFFFFFFFFFFFFFFFFFF1,FFFFFFFFFFFFFFFFFFFFFFFFFFFFFFF1,PASSED
VMNOR,32,1,FFFFFFFFFFFFFFFFFFFFFFFFFFFFFFF0,FFFFFFFFFFFFFFFFFFFFFFFFFFFFFFF0,PASSED
VMXNOR,32,1,FFFFFFFFFFFFFFFFFFFFFFFFFFFFFFF0,FFFFFFFFFFFFFFFFFFFFFFFFFFFFFFF0,PASSED
VMSBF,32,8,FFFFFFFFFFFFFFFFFFFFFFFF0000000F,FFFFFFFFFFFFFFFFFFFFFFFF0000000F,PASSED
VMSOF,32,8,FFFFFFFFFFFFFFFFFFFFFFFF00000100,FFFFFFFFFFFFFFFFFFFFFFFF00000100,PASSED
VMSIF,32,8,FFFFFFFFFFFFFFFFFFFFFFFF000001FF,FFFFFFFFFFFFFFFFFFFFFFFF000001FF,PASSED
VMANDN,32,8,FFFFFFFFFFFFFFFFFFFFFFFF00000000,FFFFFFFFFFFFFFFFFFFFFFFF00000000,PASSED
VMAND,32,8,FFFFFFFFFFFFFFFFFFFFFFFF00000000,FFFFFFFFFFFFFFFFFFFFFFFF00000000,PASSED
VMOR,32,8,FFFFFFFFFFFFFFFFFFFFFFFF00000100,FFFFFFFFFFFFFFFFFFFFFFFF00000100,PASSED
VMXOR,32,8,FFFFFFFFFFFFFFFFFFFFFFFF0000010F,FFFFFFFFFFFFFFFFFFFFFFFF0000010F,PASSED
VMORN,32,8,FFFFFFFFFFFFFFFFFFFFFFFFFFFFFFF0,FFFFFFFFFFFFFFFFFFFFFFFFFFFFFFF0,PASSED
VMNAND,32,8,FFFFFFFFFFFFFFFFFFFFFFFFFFFFFFF0,FFFFFFFFFFFFFFFFFFFFFFFFFFFFFFF0,PASSED
VMNOR,32,8,FFFFFFFFFFFFFFFFFFFFFFFF00000000,FFFFFFFFFFFFFFFFFFFFFFFF00000000,PASSED
VMXNOR,32,8,FFFFFFFFFFFFFFFFFFFFFFFFFFFFFFF0,FFFFFFFFFFFFFFFFFFFFFFFFFFFFFFF0,PASSED
VMSBF,8,2,FFFFFFFFFFFFFFFFFFFFFFFF0000000F,FFFFFFFFFFFFFFFFFFFFFFFF0000000F,PASSED
VMSOF,8,2,FFFFFFFFFFFFFFFFFFFFFFFF00000001,FFFFFFFFFFFFFFFFFFFFFFFF00000001,PASSED
VMSIF,8,2,FFFFFFFFFFFFFFFFFFFFFFFF00000001,FFFFFFFFFFFFFFFFFFFFFFFF00000001,PASSED
VMANDN,8,2,FFFFFFFFFFFFFFFFFFFFFFFF00000000,FFFFFFFFFFFFFFFFFFFFFFFF00000000,PASSED
VMAND,8,2,FFFFFFFFFFFFFFFFFFFFFFFF00000000,FFFFFFFFFFFFFFFFFFFFFFFF00000000,PASSED
VMOR,8,2,FFFFFFFFFFFFFFFFFFFFFFFF00000001,FFFFFFFFFFFFFFFFFFFFFFFF00000001,PASSED
VMXOR,8,2,FFFFFFFFFFFFFFFFFFFFFFFFFFFFFF0E,FFFFFFFFFFFFFFFFFFFFFFFFFFFFFF0E,PASSED
VMORN,8,2,FFFFFFFFFFFFFFFFFFFFFFFFFFFFFFFF,FFFFFFFFFFFFFFFFFFFFFFFFFFFFFFFF,PASSED
VMNAND,8,2,FFFFFFFFFFFFFFFFFFFFFFFFFFFFFFFF,FFFFFFFFFFFFFFFFFFFFFFFFFFFFFFFF,PASSED
VMNOR,8,2,FFFFFFFFFFFFFFFFFFFFFFFF00000000,FFFFFFFFFFFFFFFFFFFFFFFF00000000,PASSED
VMXNOR,8,2,FFFFFFFFFFFFFFFFFFFFFFFF00000001,FFFFFFFFFFFFFFFFFFFFFFFF00000001,PASSED
VMSBF,8,1,FFFFFFFFFFFFFFFFFFFFFFFFFFFF0000,FFFFFFFFFFFFFFFFFFFFFFFFFFFF0000,PASSED
VMSOF,8,1,FFFFFFFFFFFFFFFFFFFFFFFFFFFF0000,FFFFFFFFFFFFFFFFFFFFFFFFFFFF0000,PASSED
VMSIF,8,1,FFFFFFFFFFFFFFFFFFFFFFFFFFFFFFFF,FFFFFFFFFFFFFFFFFFFFFFFFFFFFFFFF,PASSED
VMANDN,8,1,FFFFFFFFFFFFFFFFFFFFFFFFFFFFFFF2,FFFFFFFFFFFFFFFFFFFFFFFFFFFFFFF2,PASSED
VMAND,8,1,FFFFFFFFFFFFFFFFFFFFFFFFFFFFFFF1,FFFFFFFFFFFFFFFFFFFFFFFFFFFFFFF1,PASSED
VMOR,8,1,FFFFFFFFFFFFFFFFFFFFFFFFFFFFFFFF,FFFFFFFFFFFFFFFFFFFFFFFFFFFFFFFF,PASSED
VMXOR,8,1,FFFFFFFFFFFFFFFFFFFFFFFFFFFFFFF0,FFFFFFFFFFFFFFFFFFFFFFFFFFFFFFF0,PASSED
VMORN,8,1,FFFFFFFFFFFFFFFFFFFFFFFFFFFFFFFF,FFFFFFFFFFFFFFFFFFFFFFFFFFFFFFFF,PASSED
VMNAND,8,1,FFFFFFFFFFFFFFFFFFFFFFFFFFFF07FF,FFFFFFFFFFFFFFFFFFFFFFFFFFFF07FF,PASSED
VMNOR,8,1,FFFFFFFFFFFFFFFFFFFFFFFFFFFF00A0,FFFFFFFFFFFFFFFFFFFFFFFFFFFF00A0,PASSED
VMXNOR,8,1,FFFFFFFFFFFFFFFFFFFFFFFFFFFFFFFF,FFFFFFFFFFFFFFFFFFFFFFFFFFFFFFFF,PASSED
VMSBF,16,8,FFFFFFFFFFFFFFFF000000000000000F,FFFFFFFFFFFFFFFF000000000000000F,PASSED
VMSOF,16,8,FFFFFFFFFFFFFFFF0000000000010000,FFFFFFFFFFFFFFFF0000000000010000,PASSED
VMSIF,16,8,FFFFFFFFFFFFFFFF000000000001FFFF,FFFFFFFFFFFFFFFF000000000001FFFF,PASSED
VMANDN,16,8,FFFFFFFFFFFFFFFF0000000000000000,FFFFFFFFFFFFFFFF0000000000000000,PASSED
VMAND,16,8,FFFFFFFFFFFFFFFF000000000001FFFF,FFFFFFFFFFFFFFFF000000000001FFFF,PASSED
VMOR,16,8,FFFFFFFFFFFFFFFF0000000000000000,FFFFFFFFFFFFFFFF0000000000000000,PASSED
VMXOR,16,8,FFFFFFFFFFFFFFFF000000000001FFF0,FFFFFFFFFFFFFFFF000000000001FFF0,PASSED
VMORN,16,8,FFFFFFFFFFFFFFFFFFFFFFFFFFFFFFFF,FFFFFFFFFFFFFFFFFFFFFFFFFFFFFFFF,PASSED
VMNAND,16,8,FFFFFFFFFFFFFFFF0000000000000000,FFFFFFFFFFFFFFFF0000000000000000,PASSED
VMNOR,16,8,FFFFFFFFFFFFFFFF0000000000000000,FFFFFFFFFFFFFFFF0000000000000000,PASSED
VMXNOR,16,8,FFFFFFFFFFFFFFFF000000000001FFFF,FFFFFFFFFFFFFFFF000000000001FFFF,PASSED
VMSBF,8,2,FFFFFFFFFFFFFFFFFFFFFFFF00000000,FFFFFFFFFFFFFFFFFFFFFFFF00000000,PASSED
VMSOF,8,2,FFFFFFFFFFFFFFFFFFFFFFFF00000001,FFFFFFFFFFFFFFFFFFFFFFFF00000001,PASSED
VMSIF,8,2,FFFFFFFFFFFFFFFFFFFFFFFF00000007,FFFFFFFFFFFFFFFFFFFFFFFF00000007,PASSED
VMANDN,8,2,FFFFFFFFFFFFFFFFFFFFFFFF00000000,FFFFFFFFFFFFFFFFFFFFFFFF00000000,PASSED
VMAND,8,2,FFFFFFFFFFFFFFFFFFFFFFFFFFFFFFF1,FFFFFFFFFFFFFFFFFFFFFFFFFFFFFFF1,PASSED
VMOR,8,2,FFFFFFFFFFFFFFFFFFFFFFFF00000001,FFFFFFFFFFFFFFFFFFFFFFFF00000001,PASSED
VMXOR,8,2,FFFFFFFFFFFFFFFFFFFFFFFFFFFF0000,FFFFFFFFFFFFFFFFFFFFFFFFFFFF0000,PASSED
VMORN,8,2,FFFFFFFFFFFFFFFFFFFFFFFFFFFF0000,FFFFFFFFFFFFFFFFFFFFFFFFFFFF0000,PASSED
VMNAND,8,2,FFFFFFFFFFFFFFFFFFFFFFFF0000FFFF,FFFFFFFFFFFFFFFFFFFFFFFF0000FFFF,PASSED
VMNOR,8,2,FFFFFFFFFFFFFFFFFFFFFFFFFFFFFFFE,FFFFFFFFFFFFFFFFFFFFFFFFFFFFFFFE,PASSED
VMXNOR,8,2,FFFFFFFFFFFFFFFFFFFFFFFFFFFFF80C,FFFFFFFFFFFFFFFFFFFFFFFFFFFFF80C,PASSED
VMSBF,8,2,FFFFFFFFFFFFFFFFFFFFFFFF00000000,FFFFFFFFFFFFFFFFFFFFFFFF00000000,PASSED
VMSOF,8,2,FFFFFFFFFFFFFFFFFFFFFFFF00000001,FFFFFFFFFFFFFFFFFFFFFFFF00000001,PASSED
VMSIF,8,2,FFFFFFFFFFFFFFFFFFFFFFFF00000001,FFFFFFFFFFFFFFFFFFFFFFFF00000001,PASSED
VMANDN,8,2,FFFFFFFFFFFFFFFFFFFFFFFF00000000,FFFFFFFFFFFFFFFFFFFFFFFF00000000,PASSED
VMAND,8,2,FFFFFFFFFFFFFFFFFFFFFFFF00000001,FFFFFFFFFFFFFFFFFFFFFFFF00000001,PASSED
VMOR,8,2,FFFFFFFFFFFFFFFFFFFFFFFF00000001,FFFFFFFFFFFFFFFFFFFFFFFF00000001,PASSED
VMXOR,8,2,FFFFFFFFFFFFFFFFFFFFFFFFFFFFFFFE,FFFFFFFFFFFFFFFFFFFFFFFFFFFFFFFE,PASSED
VMORN,8,2,FFFFFFFFFFFFFFFFFFFFFFFFFFFFFFFF,FFFFFFFFFFFFFFFFFFFFFFFFFFFFFFFF,PASSED
VMNAND,8,2,FFFFFFFFFFFFFFFFFFFFFFFFFFFFFFFE,FFFFFFFFFFFFFFFFFFFFFFFFFFFFFFFE,PASSED
VMNOR,8,2,FFFFFFFFFFFFFFFFFFFFFFFF0000000E,FFFFFFFFFFFFFFFFFFFFFFFF0000000E,PASSED
VMXNOR,8,2,FFFFFFFFFFFFFFFFFFFFFFFF00000001,FFFFFFFFFFFFFFFFFFFFFFFF00000001,PASSED
VMSBF,8,2,FFFFFFFFFFFFFFFFFFFFFFFF00000001,FFFFFFFFFFFFFFFFFFFFFFFF00000001,PASSED
VMSOF,8,2,FFFFFFFFFFFFFFFFFFFFFFFF00000002,FFFFFFFFFFFFFFFFFFFFFFFF00000002,PASSED
VMSIF,8,2,FFFFFFFFFFFFFFFFFFFFFFFF00000003,FFFFFFFFFFFFFFFFFFFFFFFF00000003,PASSED
VMANDN,8,2,FFFFFFFFFFFFFFFFFFFFFFFF00000000,FFFFFFFFFFFFFFFFFFFFFFFF00000000,PASSED
VMAND,8,2,FFFFFFFFFFFFFFFFFFFFFFFF00000000,FFFFFFFFFFFFFFFFFFFFFFFF00000000,PASSED
VMOR,8,2,FFFFFFFFFFFFFFFFFFFFFFFF00000003,FFFFFFFFFFFFFFFFFFFFFFFF00000003,PASSED
VMXOR,8,2,FFFFFFFFFFFFFFFFFFFFFFFF00000002,FFFFFFFFFFFFFFFFFFFFFFFF00000002,PASSED
VMORN,8,2,FFFFFFFFFFFFFFFFFFFFFFFF00000003,FFFFFFFFFFFFFFFFFFFFFFFF00000003,PASSED
VMNAND,8,2,FFFFFFFFFFFFFFFFFFFFFFFFFFFFFFFD,FFFFFFFFFFFFFFFFFFFFFFFFFFFFFFFD,PASSED
VMNOR,8,2,FFFFFFFFFFFFFFFFFFFFFFFFFFFFFFF8,FFFFFFFFFFFFFFFFFFFFFFFFFFFFFFF8,PASSED
VMXNOR,8,2,FFFFFFFFFFFFFFFFFFFFFFFF00000007,FFFFFFFFFFFFFFFFFFFFFFFF00000007,PASSED
VMSBF,16,1,FFFFFFFFFFFFFFFFFFFFFFFFFFFFFF00,FFFFFFFFFFFFFFFFFFFFFFFFFFFFFF00,PASSED
VMSOF,16,1,FFFFFFFFFFFFFFFFFFFFFFFFFFFFFF02,FFFFFFFFFFFFFFFFFFFFFFFFFFFFFF02,PASSED
VMSIF,16,1,FFFFFFFFFFFFFFFFFFFFFFFFFFFFFF01,FFFFFFFFFFFFFFFFFFFFFFFFFFFFFF01,PASSED
VMANDN,16,1,FFFFFFFFFFFFFFFFFFFFFFFFFFFFFF03,FFFFFFFFFFFFFFFFFFFFFFFFFFFFFF03,PASSED
VMAND,16,1,FFFFFFFFFFFFFFFFFFFFFFFFFFFFFF03,FFFFFFFFFFFFFFFFFFFFFFFFFFFFFF03,PASSED
VMOR,16,1,FFFFFFFFFFFFFFFFFFFFFFFFFFFFFFF0,FFFFFFFFFFFFFFFFFFFFFFFFFFFFFFF0,PASSED
VMXOR,16,1,FFFFFFFFFFFFFFFFFFFFFFFFFFFFFF01,FFFFFFFFFFFFFFFFFFFFFFFFFFFFFF01,PASSED
VMORN,16,1,FFFFFFFFFFFFFFFFFFFFFFFFFFFFFF01,FFFFFFFFFFFFFFFFFFFFFFFFFFFFFF01,PASSED
VMNAND,16,1,FFFFFFFFFFFFFFFFFFFFFFFFFFFFFFFF,FFFFFFFFFFFFFFFFFFFFFFFFFFFFFFFF,PASSED
VMNOR,16,1,FFFFFFFFFFFFFFFFFFFFFFFFFFFFFF00,FFFFFFFFFFFFFFFFFFFFFFFFFFFFFF00,PASSED
VMXNOR,16,1,FFFFFFFFFFFFFFFFFFFFFFFFFFFFFFFF,FFFFFFFFFFFFFFFFFFFFFFFFFFFFFFFF,PASSED
VMSBF,8,8,000000000000000000000000000000FF,000000000000000000000000000000FF,PASSED
VMSOF,8,8,00000000000000000000000000000008,00000000000000000000000000000008,PASSED
VMSIF,8,8,0000000000000000000000000000000F,0000000000000000000000000000000F,PASSED
VMANDN,8,8,000000000000000000000000000000F0,000000000000000000000000000000F0,PASSED
VMAND,8,8,000000000000000000000000000000F0,000000000000000000000000000000F0,PASSED
VMOR,8,8,000000000000000000000000000000F8,000000000000000000000000000000F8,PASSED
VMXOR,8,8,00000000000000000000000000000008,00000000000000000000000000000008,PASSED
VMORN,8,8,FFFFFFFFFFFFFFFFFFFFFFFFFFFFFFF8,FFFFFFFFFFFFFFFFFFFFFFFFFFFFFFF8,PASSED
VMNAND,8,8,FFFFFFFFFFFFFFFFFFFFFFFFFFFFFF0F,FFFFFFFFFFFFFFFFFFFFFFFFFFFFFF0F,PASSED
VMNOR,8,8,000000000000000000000000FFFFFF0E,000000000000000000000000FFFFFF0E,PASSED
VMXNOR,8,8,FFFFFFFFFFFFFFFFFFFFFFFFFFFFFF0F,FFFFFFFFFFFFFFFFFFFFFFFFFFFFFF0F,PASSED
VMSBF,16,1,FFFFFFFFFFFFFFFFFFFFFFFFFFFFFF01,FFFFFFFFFFFFFFFFFFFFFFFFFFFFFF01,PASSED
VMSOF,16,1,FFFFFFFFFFFFFFFFFFFFFFFFFFFFFF01,FFFFFFFFFFFFFFFFFFFFFFFFFFFFFF01,PASSED
VMSIF,16,1,FFFFFFFFFFFFFFFFFFFFFFFFFFFFFF03,FFFFFFFFFFFFFFFFFFFFFFFFFFFFFF03,PASSED
VMANDN,16,1,FFFFFFFFFFFFFFFFFFFFFFFFFFFFFF02,FFFFFFFFFFFFFFFFFFFFFFFFFFFFFF02,PASSED
VMAND,16,1,FFFFFFFFFFFFFFFFFFFFFFFFFFFFFF00,FFFFFFFFFFFFFFFFFFFFFFFFFFFFFF00,PASSED
VMOR,16,1,FFFFFFFFFFFFFFFFFFFFFFFFFFFFFF01,FFFFFFFFFFFFFFFFFFFFFFFFFFFFFF01,PASSED
VMXOR,16,1,FFFFFFFFFFFFFFFFFFFFFFFFFFFFFFF1,FFFFFFFFFFFFFFFFFFFFFFFFFFFFFFF1,PASSED
VMORN,16,1,FFFFFFFFFFFFFFFFFFFFFFFFFFFFFFFF,FFFFFFFFFFFFFFFFFFFFFFFFFFFFFFFF,PASSED
VMNAND,16,1,FFFFFFFFFFFFFFFFFFFFFFFFFFFFFF5F,FFFFFFFFFFFFFFFFFFFFFFFFFFFFFF5F,PASSED
VMNOR,16,1,FFFFFFFFFFFFFFFFFFFFFFFFFFFFFFFC,FFFFFFFFFFFFFFFFFFFFFFFFFFFFFFFC,PASSED
VMXNOR,16,1,FFFFFFFFFFFFFFFFFFFFFFFFFFFFFFFD,FFFFFFFFFFFFFFFFFFFFFFFFFFFFFFFD,PASSED
VMSBF,16,4,FFFFFFFFFFFFFFFFFFFFFFFF0000000F,FFFFFFFFFFFFFFFFFFFFFFFF0000000F,PASSED
VMSOF,16,4,FFFFFFFFFFFFFFFFFFFFFFFF00000000,FFFFFFFFFFFFFFFFFFFFFFFF00000000,PASSED
VMSIF,16,4,FFFFFFFFFFFFFFFFFFFFFFFF000001FF,FFFFFFFFFFFFFFFFFFFFFFFF000001FF,PASSED
VMANDN,16,4,FFFFFFFFFFFFFFFFFFFFFFFF000000FF,FFFFFFFFFFFFFFFFFFFFFFFF000000FF,PASSED
VMAND,16,4,FFFFFFFFFFFFFFFFFFFFFFFFFFFFFF00,FFFFFFFFFFFFFFFFFFFFFFFFFFFFFF00,PASSED
VMOR,16,4,FFFFFFFFFFFFFFFFFFFFFFFFFFFFFFFF,FFFFFFFFFFFFFFFFFFFFFFFFFFFFFFFF,PASSED
VMXOR,16,4,FFFFFFFFFFFFFFFFFFFFFFFF00000000,FFFFFFFFFFFFFFFFFFFFFFFF00000000,PASSED
VMORN,16,4,FFFFFFFFFFFFFFFFFFFFFFFFFFFFFFFF,FFFFFFFFFFFFFFFFFFFFFFFFFFFFFFFF,PASSED
VMNAND,16,4,FFFFFFFFFFFFFFFFFFFFFFFF00000000,FFFFFFFFFFFFFFFFFFFFFFFF00000000,PASSED
VMNOR,16,4,FFFFFFFFFFFFFFFFFFFFFFFFFFFFFFFE,FFFFFFFFFFFFFFFFFFFFFFFFFFFFFFFE,PASSED
VMXNOR,16,4,FFFFFFFFFFFFFFFFFFFFFFFF00000002,FFFFFFFFFFFFFFFFFFFFFFFF00000002,PASSED
VMSBF,32,8,FFFFFFFFFFFFFFFFFFFFFFFF00000001,FFFFFFFFFFFFFFFFFFFFFFFF00000001,PASSED
VMSOF,32,8,FFFFFFFFFFFFFFFFFFFFFFFF00000001,FFFFFFFFFFFFFFFFFFFFFFFF00000001,PASSED
VMSIF,32,8,FFFFFFFFFFFFFFFFFFFFFFFF00000001,FFFFFFFFFFFFFFFFFFFFFFFF00000001,PASSED
VMANDN,32,8,FFFFFFFFFFFFFFFFFFFFFFFF00000000,FFFFFFFFFFFFFFFFFFFFFFFF00000000,PASSED
VMAND,32,8,FFFFFFFFFFFFFFFFFFFFFFFF00000000,FFFFFFFFFFFFFFFFFFFFFFFF00000000,PASSED
VMOR,32,8,FFFFFFFFFFFFFFFFFFFFFFFF00000001,FFFFFFFFFFFFFFFFFFFFFFFF00000001,PASSED
VMXOR,32,8,FFFFFFFFFFFFFFFFFFFFFFFFFFFFFFFF,FFFFFFFFFFFFFFFFFFFFFFFFFFFFFFFF,PASSED
VMORN,32,8,FFFFFFFFFFFFFFFFFFFFFFFFFFFFFFFF,FFFFFFFFFFFFFFFFFFFFFFFFFFFFFFFF,PASSED
VMNAND,32,8,FFFFFFFFFFFFFFFFFFFFFFFFFFFFFFFF,FFFFFFFFFFFFFFFFFFFFFFFFFFFFFFFF,PASSED
VMNOR,32,8,FFFFFFFFFFFFFFFFFFFFFFFF00000000,FFFFFFFFFFFFFFFFFFFFFFFF00000000,PASSED
VMXNOR,32,8,FFFFFFFFFFFFFFFFFFFFFFFFFFFFFF02,FFFFFFFFFFFFFFFFFFFFFFFFFFFFFF02,PASSED
VMSBF,32,4,FFFFFFFFFFFFFFFFFFFFFFFFFFFF0000,FFFFFFFFFFFFFFFFFFFFFFFFFFFF0000,PASSED
VMSOF,32,4,FFFFFFFFFFFFFFFFFFFFFFFFFFFF0001,FFFFFFFFFFFFFFFFFFFFFFFFFFFF0001,PASSED
VMSIF,32,4,FFFFFFFFFFFFFFFFFFFFFFFFFFFF0001,FFFFFFFFFFFFFFFFFFFFFFFFFFFF0001,PASSED
VMANDN,32,4,FFFFFFFFFFFFFFFFFFFFFFFFFFFF0000,FFFFFFFFFFFFFFFFFFFFFFFFFFFF0000,PASSED
VMAND,32,4,FFFFFFFFFFFFFFFFFFFFFFFFFFFFFF02,FFFFFFFFFFFFFFFFFFFFFFFFFFFFFF02,PASSED
VMOR,32,4,FFFFFFFFFFFFFFFFFFFFFFFFFFFFFFFF,FFFFFFFFFFFFFFFFFFFFFFFFFFFFFFFF,PASSED
VMXOR,32,4,FFFFFFFFFFFFFFFFFFFFFFFFFFFFFF02,FFFFFFFFFFFFFFFFFFFFFFFFFFFFFF02,PASSED
VMORN,32,4,FFFFFFFFFFFFFFFFFFFFFFFFFFFFFF02,FFFFFFFFFFFFFFFFFFFFFFFFFFFFFF02,PASSED
VMNAND,32,4,FFFFFFFFFFFFFFFFFFFFFFFFFFFF00FD,FFFFFFFFFFFFFFFFFFFFFFFFFFFF00FD,PASSED
VMNOR,32,4,FFFFFFFFFFFFFFFFFFFFFFFFFFFF00FC,FFFFFFFFFFFFFFFFFFFFFFFFFFFF00FC,PASSED
VMXNOR,32,4,FFFFFFFFFFFFFFFFFFFFFFFFFFFFFFFF,FFFFFFFFFFFFFFFFFFFFFFFFFFFFFFFF,PASSED
VMSBF,8,1,FFFFFFFFFFFFFFFFFFFFFFFFFFFF00FF,FFFFFFFFFFFFFFFFFFFFFFFFFFFF00FF,PASSED
VMSOF,8,1,FFFFFFFFFFFFFFFFFFFFFFFFFFFF0002,FFFFFFFFFFFFFFFFFFFFFFFFFFFF0002,PASSED
VMSIF,8,1,FFFFFFFFFFFFFFFFFFFFFFFFFFFFFFFF,FFFFFFFFFFFFFFFFFFFFFFFFFFFFFFFF,PASSED
VMANDN,8,1,FFFFFFFFFFFFFFFFFFFFFFFFFFFF0002,FFFFFFFFFFFFFFFFFFFFFFFFFFFF0002,PASSED
VMAND,8,1,FFFFFFFFFFFFFFFFFFFFFFFFFFFF00F1,FFFFFFFFFFFFFFFFFFFFFFFFFFFF00F1,PASSED
VMOR,8,1,FFFFFFFFFFFFFFFFFFFFFFFFFFFFFFFF,FFFFFFFFFFFFFFFFFFFFFFFFFFFFFFFF,PASSED
VMXOR,8,1,FFFFFFFFFFFFFFFFFFFFFFFFFFFF00F3,FFFFFFFFFFFFFFFFFFFFFFFFFFFF00F3,PASSED
VMORN,8,1,FFFFFFFFFFFFFFFFFFFFFFFFFFFFFFFD,FFFFFFFFFFFFFFFFFFFFFFFFFFFFFFFD,PASSED
VMNAND,8,1,FFFFFFFFFFFFFFFFFFFFFFFFFFFF00FF,FFFFFFFFFFFFFFFFFFFFFFFFFFFF00FF,PASSED
VMNOR,8,1,FFFFFFFFFFFFFFFFFFFFFFFFFFFF0002,FFFFFFFFFFFFFFFFFFFFFFFFFFFF0002,PASSED
VMXNOR,8,1,FFFFFFFFFFFFFFFFFFFFFFFFFFFFFFFF,FFFFFFFFFFFFFFFFFFFFFFFFFFFFFFFF,PASSED
VMSBF,32,8,FFFFFFFFFFFFFFFFFFFFFFFF00000001,FFFFFFFFFFFFFFFFFFFFFFFF00000001,PASSED
VMSOF,32,8,FFFFFFFFFFFFFFFFFFFFFFFF00000002,FFFFFFFFFFFFFFFFFFFFFFFF00000002,PASSED
VMSIF,32,8,FFFFFFFFFFFFFFFFFFFFFFFF00000003,FFFFFFFFFFFFFFFFFFFFFFFF00000003,PASSED
VMANDN,32,8,FFFFFFFFFFFFFFFFFFFFFFFF0000FF00,FFFFFFFFFFFFFFFFFFFFFFFF0000FF00,PASSED
VMAND,32,8,FFFFFFFFFFFFFFFFFFFFFFFF00000002,FFFFFFFFFFFFFFFFFFFFFFFF00000002,PASSED
VMOR,32,8,FFFFFFFFFFFFFFFFFFFFFFFFFFFFFF02,FFFFFFFFFFFFFFFFFFFFFFFFFFFFFF02,PASSED
VMXOR,32,8,FFFFFFFFFFFFFFFFFFFFFFFF0000FF00,FFFFFFFFFFFFFFFFFFFFFFFF0000FF00,PASSED
VMORN,32,8,FFFFFFFFFFFFFFFFFFFFFFFFFFFF00FF,FFFFFFFFFFFFFFFFFFFFFFFFFFFF00FF,PASSED
VMNAND,32,8,FFFFFFFFFFFFFFFFFFFFFFFF0000FFFD,FFFFFFFFFFFFFFFFFFFFFFFF0000FFFD,PASSED
VMNOR,32,8,FFFFFFFFFFFFFFFFFFFFFFFF00000000,FFFFFFFFFFFFFFFFFFFFFFFF00000000,PASSED
VMXNOR,32,8,FFFFFFFFFFFFFFFFFFFFFFFFFFFFFFFF,FFFFFFFFFFFFFFFFFFFFFFFFFFFFFFFF,PASSED
VMSBF,32,1,FFFFFFFFFFFFFFFFFFFFFFFFFFFFFFF0,FFFFFFFFFFFFFFFFFFFFFFFFFFFFFFF0,PASSED
VMSOF,32,1,FFFFFFFFFFFFFFFFFFFFFFFFFFFFFFF1,FFFFFFFFFFFFFFFFFFFFFFFFFFFFFFF1,PASSED
VMSIF,32,1,FFFFFFFFFFFFFFFFFFFFFFFFFFFFFFF1,FFFFFFFFFFFFFFFFFFFFFFFFFFFFFFF1,PASSED
VMANDN,32,1,FFFFFFFFFFFFFFFFFFFFFFFFFFFFFFF0,FFFFFFFFFFFFFFFFFFFFFFFFFFFFFFF0,PASSED
VMAND,32,1,FFFFFFFFFFFFFFFFFFFFFFFFFFFFFFFF,FFFFFFFFFFFFFFFFFFFFFFFFFFFFFFFF,PASSED
VMOR,32,1,FFFFFFFFFFFFFFFFFFFFFFFFFFFFFFF3,FFFFFFFFFFFFFFFFFFFFFFFFFFFFFFF3,PASSED
VMXOR,32,1,FFFFFFFFFFFFFFFFFFFFFFFFFFFFFFF2,FFFFFFFFFFFFFFFFFFFFFFFFFFFFFFF2,PASSED
VMORN,32,1,FFFFFFFFFFFFFFFFFFFFFFFFFFFFFFF2,FFFFFFFFFFFFFFFFFFFFFFFFFFFFFFF2,PASSED
VMNAND,32,1,FFFFFFFFFFFFFFFFFFFFFFFFFFFFFFF2,FFFFFFFFFFFFFFFFFFFFFFFFFFFFFFF2,PASSED
VMNOR,32,1,FFFFFFFFFFFFFFFFFFFFFFFFFFFFFFFC,FFFFFFFFFFFFFFFFFFFFFFFFFFFFFFFC,PASSED
VMXNOR,32,1,FFFFFFFFFFFFFFFFFFFFFFFFFFFFFFFF,FFFFFFFFFFFFFFFFFFFFFFFFFFFFFFFF,PASSED
