VCONFIG,8,1,5
VSLT,8,1,16
VMSIF,8,1,13
VMSOF,8,1,13
VMAND,8,1,13
VMOR,8,1,13
VCONFIG,8,2,5
VSLT,8,2,25
VMSIF,8,2,13
VMSOF,8,2,13
VMAND,8,2,13
VMOR,8,2,13
VCONFIG,8,4,5
VSLT,8,4,43
VMSIF,8,4,13
VMSOF,8,4,13
VMAND,8,4,13
VMOR,8,4,13
VCONFIG,8,8,5
VSLT,8,8,79
VMSIF,8,8,13
VMSOF,8,8,13
VMAND,8,8,13
VMOR,8,8,13
VCONFIG,16,1,5
VSLT,16,1,16
VMSIF,16,1,13
VMSOF,16,1,13
VMAND,16,1,13
VMOR,16,1,13
VCONFIG,16,2,5
VSLT,16,2,25
VMSIF,16,2,13
VMSOF,16,2,13
VMAND,16,2,13
VMOR,16,2,13
VCONFIG,16,4,5
VSLT,16,4,43
VMSIF,16,4,13
VMSOF,16,4,13
VMAND,16,4,13
VMOR,16,4,13
VCONFIG,16,8,5
VSLT,16,8,79
VMSIF,16,8,13
VMSOF,16,8,13
VMAND,16,8,13
VMOR,16,8,13
VCONFIG,32,1,5
VSLT,32,1,16
VMSIF,32,1,13
VMSOF,32,1,13
VMAND,32,1,13
VMOR,32,1,13
VCONFIG,32,2,5
VSLT,32,2,25
VMSIF,32,2,13
VMSOF,32,2,13
VMAND,32,2,13
VMOR,32,2,13
VCONFIG,32,4,5
VSLT,32,4,43
VMSIF,32,4,13
VMSOF,32,4,13
VMAND,32,4,13
VMOR,32,4,13
VCONFIG,32,8,5
VSLT,32,8,79
VMSIF,32,8,13
VMSOF,32,8,13
VMAND,32,8,13
VMOR,32,8,13
