VCONFIG,8,1,5
VLOAD,8,1,71
VSTORE,8,1,57
VCONFIG,8,2,5
VLOAD,8,2,135
VSTORE,8,2,106
VCONFIG,8,4,5
VLOAD,8,4,263
VSTORE,8,4,204
VCONFIG,8,8,5
VLOAD,8,8,519
VSTORE,8,8,400
VCONFIG,16,1,5
VLOAD,16,1,39
VSTORE,16,1,33
VCONFIG,16,2,5
VLOAD,16,2,71
VSTORE,16,2,58
VCONFIG,16,4,5
VLOAD,16,4,135
VSTORE,16,4,108
VCONFIG,16,8,5
VLOAD,16,8,263
VSTORE,16,8,208
VCONFIG,32,1,5
VLOAD,32,1,23
VSTORE,32,1,21
VCONFIG,32,2,5
VLOAD,32,2,39
VSTORE,32,2,34
VCONFIG,32,4,5
VLOAD,32,4,71
VSTORE,32,4,60
VCONFIG,32,8,5
VLOAD,32,8,135
VSTORE,32,8,112
